  [1m[35m (820.5ms)[0m  [1m[35mCREATE DATABASE "ehah_development" ENCODING = 'unicode'[0m
  ↳ bin/rails:9
  [1m[35m (426.3ms)[0m  [1m[35mCREATE DATABASE "ehah_test" ENCODING = 'unicode'[0m
  ↳ bin/rails:9
  [1m[35m (83.1ms)[0m  [1m[35mCREATE TABLE "schema_migrations" ("version" character varying NOT NULL PRIMARY KEY)[0m
  ↳ bin/rails:9
  [1m[35m (24.2ms)[0m  [1m[35mCREATE TABLE "ar_internal_metadata" ("key" character varying NOT NULL PRIMARY KEY, "value" character varying, "created_at" timestamp NOT NULL, "updated_at" timestamp NOT NULL)[0m
  ↳ bin/rails:9
  [1m[35m (2.2ms)[0m  [1m[34mSELECT pg_try_advisory_lock(4497067315787696475)[0m
  ↳ bin/rails:9
  [1m[35m (2.9ms)[0m  [1m[34mSELECT "schema_migrations"."version" FROM "schema_migrations" ORDER BY "schema_migrations"."version" ASC[0m
  ↳ bin/rails:9
Migrating to CreateUsers (20191001161406)
  [1m[35m (0.6ms)[0m  [1m[34mSELECT pg_advisory_unlock(4497067315787696475)[0m
  ↳ bin/rails:9
  [1m[35m (0.3ms)[0m  [1m[34mSELECT pg_try_advisory_lock(4497067315787696475)[0m
  ↳ bin/rails:9
  [1m[35m (1.0ms)[0m  [1m[34mSELECT "schema_migrations"."version" FROM "schema_migrations" ORDER BY "schema_migrations"."version" ASC[0m
  ↳ bin/rails:9
Migrating to CreateUsers (20191001161406)
  [1m[35m (10.9ms)[0m  [1m[35mBEGIN[0m
  ↳ bin/rails:9
  [1m[35m (31.1ms)[0m  [1m[35mCREATE TABLE "users" ("id" bigserial primary key, "username" character varying NOT NULL, "email" character varying NOT NULL, "password_digest" character varying NOT NULL, "session_token" character varying NOT NULL, "created_at" timestamp NOT NULL, "updated_at" timestamp NOT NULL)[0m
  ↳ db/migrate/20191001161406_create_users.rb:3
  [1m[35m (2.3ms)[0m  [1m[31mROLLBACK[0m
  ↳ bin/rails:9
  [1m[35m (0.5ms)[0m  [1m[34mSELECT pg_advisory_unlock(4497067315787696475)[0m
  ↳ bin/rails:9
  [1m[35m (0.3ms)[0m  [1m[34mSELECT pg_try_advisory_lock(4497067315787696475)[0m
  ↳ bin/rails:9
  [1m[35m (1.0ms)[0m  [1m[34mSELECT "schema_migrations"."version" FROM "schema_migrations" ORDER BY "schema_migrations"."version" ASC[0m
  ↳ bin/rails:9
Migrating to CreateUsers (20191001161406)
  [1m[35m (0.2ms)[0m  [1m[35mBEGIN[0m
  ↳ bin/rails:9
  [1m[35m (19.0ms)[0m  [1m[35mCREATE TABLE "users" ("id" bigserial primary key, "username" character varying NOT NULL, "email" character varying NOT NULL, "password_digest" character varying NOT NULL, "session_token" character varying NOT NULL, "created_at" timestamp NOT NULL, "updated_at" timestamp NOT NULL)[0m
  ↳ db/migrate/20191001161406_create_users.rb:3
  [1m[35m (3.9ms)[0m  [1m[35mCREATE UNIQUE INDEX  "index_users_on_username" ON "users"  ("username")[0m
  ↳ db/migrate/20191001161406_create_users.rb:10
  [1m[35m (1.2ms)[0m  [1m[35mCREATE UNIQUE INDEX  "index_users_on_email" ON "users"  ("email")[0m
  ↳ db/migrate/20191001161406_create_users.rb:11
  [1m[35m (4.7ms)[0m  [1m[35mCREATE UNIQUE INDEX  "index_users_on_session_token" ON "users"  ("session_token")[0m
  ↳ db/migrate/20191001161406_create_users.rb:12
  [1m[36mActiveRecord::SchemaMigration Create (7.4ms)[0m  [1m[32mINSERT INTO "schema_migrations" ("version") VALUES ($1) RETURNING "version"[0m  [["version", "20191001161406"]]
  ↳ bin/rails:9
  [1m[35m (1.2ms)[0m  [1m[35mCOMMIT[0m
  ↳ bin/rails:9
  [1m[36mActiveRecord::InternalMetadata Load (11.7ms)[0m  [1m[34mSELECT  "ar_internal_metadata".* FROM "ar_internal_metadata" WHERE "ar_internal_metadata"."key" = $1 LIMIT $2[0m  [["key", "environment"], ["LIMIT", 1]]
  ↳ bin/rails:9
  [1m[35m (0.2ms)[0m  [1m[35mBEGIN[0m
  ↳ bin/rails:9
  [1m[36mActiveRecord::InternalMetadata Create (6.6ms)[0m  [1m[32mINSERT INTO "ar_internal_metadata" ("key", "value", "created_at", "updated_at") VALUES ($1, $2, $3, $4) RETURNING "key"[0m  [["key", "environment"], ["value", "development"], ["created_at", "2019-10-01 17:50:40.872283"], ["updated_at", "2019-10-01 17:50:40.872283"]]
  ↳ bin/rails:9
  [1m[35m (0.6ms)[0m  [1m[35mCOMMIT[0m
  ↳ bin/rails:9
  [1m[35m (0.5ms)[0m  [1m[34mSELECT pg_advisory_unlock(4497067315787696475)[0m
  ↳ bin/rails:9
  [1m[35m (0.9ms)[0m  [1m[34mSELECT "schema_migrations"."version" FROM "schema_migrations" ORDER BY "schema_migrations"."version" ASC[0m
  ↳ bin/rails:9
  [1m[35m (1.8ms)[0m  [1m[34mSELECT "schema_migrations"."version" FROM "schema_migrations" ORDER BY "schema_migrations"."version" ASC[0m
  ↳ /Users/Jiao/.rbenv/versions/2.5.1/bin/annotate:23
  [1m[36mUser Load (5.1ms)[0m  [1m[34mSELECT "users".* FROM "users"[0m
  [1m[35m (0.3ms)[0m  [1m[35mBEGIN[0m
  [1m[36mUser Exists (1.3ms)[0m  [1m[34mSELECT  1 AS one FROM "users" WHERE "users"."username" = $1 LIMIT $2[0m  [["username", "jiao"], ["LIMIT", 1]]
  [1m[36mUser Exists (0.5ms)[0m  [1m[34mSELECT  1 AS one FROM "users" WHERE "users"."email" IS NULL LIMIT $1[0m  [["LIMIT", 1]]
  [1m[36mUser Exists (0.7ms)[0m  [1m[34mSELECT  1 AS one FROM "users" WHERE "users"."session_token" = $1 LIMIT $2[0m  [["session_token", "CGjpXatzfh7cfzL1BzAZbw"], ["LIMIT", 1]]
  [1m[35m (0.3ms)[0m  [1m[31mROLLBACK[0m
  [1m[35m (0.2ms)[0m  [1m[35mBEGIN[0m
  [1m[36mUser Exists (0.5ms)[0m  [1m[34mSELECT  1 AS one FROM "users" WHERE "users"."username" = $1 LIMIT $2[0m  [["username", "jiao"], ["LIMIT", 1]]
  [1m[36mUser Exists (0.4ms)[0m  [1m[34mSELECT  1 AS one FROM "users" WHERE "users"."email" = $1 LIMIT $2[0m  [["email", "jiao@gmail.com"], ["LIMIT", 1]]
  [1m[36mUser Exists (0.4ms)[0m  [1m[34mSELECT  1 AS one FROM "users" WHERE "users"."session_token" = $1 LIMIT $2[0m  [["session_token", "IazXfn_zNVcuJk42m5KyyQ"], ["LIMIT", 1]]
  [1m[36mUser Create (1.4ms)[0m  [1m[32mINSERT INTO "users" ("username", "email", "password_digest", "session_token", "created_at", "updated_at") VALUES ($1, $2, $3, $4, $5, $6) RETURNING "id"[0m  [["username", "jiao"], ["email", "jiao@gmail.com"], ["password_digest", "$2a$12$3H6d5rz.F8GDp1Z8rtEJ0.xN8UT8KGmW3oMMq1gz/LOXQ./99Hc8i"], ["session_token", "IazXfn_zNVcuJk42m5KyyQ"], ["created_at", "2019-10-01 18:21:01.250727"], ["updated_at", "2019-10-01 18:21:01.250727"]]
  [1m[35m (17.1ms)[0m  [1m[35mCOMMIT[0m
  [1m[35m (0.2ms)[0m  [1m[35mBEGIN[0m
  [1m[36mUser Exists (0.6ms)[0m  [1m[34mSELECT  1 AS one FROM "users" WHERE "users"."username" IS NULL LIMIT $1[0m  [["LIMIT", 1]]
  [1m[36mUser Exists (0.6ms)[0m  [1m[34mSELECT  1 AS one FROM "users" WHERE "users"."email" = $1 LIMIT $2[0m  [["email", "jiao@gmail.com"], ["LIMIT", 1]]
  [1m[36mUser Exists (0.5ms)[0m  [1m[34mSELECT  1 AS one FROM "users" WHERE "users"."session_token" = $1 LIMIT $2[0m  [["session_token", "8rZLoyTKH9EP5PWzw0EPRA"], ["LIMIT", 1]]
  [1m[35m (0.2ms)[0m  [1m[31mROLLBACK[0m
  [1m[35m (0.3ms)[0m  [1m[35mBEGIN[0m
  [1m[36mUser Exists (0.7ms)[0m  [1m[34mSELECT  1 AS one FROM "users" WHERE "users"."username" = $1 LIMIT $2[0m  [["username", "jiao"], ["LIMIT", 1]]
  [1m[36mUser Exists (0.5ms)[0m  [1m[34mSELECT  1 AS one FROM "users" WHERE "users"."email" = $1 LIMIT $2[0m  [["email", "jiao@gmail.com"], ["LIMIT", 1]]
  [1m[36mUser Exists (0.4ms)[0m  [1m[34mSELECT  1 AS one FROM "users" WHERE "users"."session_token" = $1 LIMIT $2[0m  [["session_token", "A4Hop6UOhCXa3kmzE2d5jQ"], ["LIMIT", 1]]
  [1m[35m (0.2ms)[0m  [1m[31mROLLBACK[0m
  [1m[35m (0.2ms)[0m  [1m[35mBEGIN[0m
  [1m[36mUser Exists (0.5ms)[0m  [1m[34mSELECT  1 AS one FROM "users" WHERE "users"."username" = $1 LIMIT $2[0m  [["username", "jiao"], ["LIMIT", 1]]
  [1m[36mUser Exists (0.5ms)[0m  [1m[34mSELECT  1 AS one FROM "users" WHERE "users"."email" = $1 LIMIT $2[0m  [["email", "jiao@gmail.com"], ["LIMIT", 1]]
  [1m[36mUser Exists (0.5ms)[0m  [1m[34mSELECT  1 AS one FROM "users" WHERE "users"."session_token" = $1 LIMIT $2[0m  [["session_token", "tISB02epyI-zgGhYjyL1Ag"], ["LIMIT", 1]]
  [1m[35m (0.2ms)[0m  [1m[31mROLLBACK[0m
Started GET "/" for ::1 at 2019-10-01 17:18:25 -0400
  [1m[35m (5.7ms)[0m  [1m[34mSELECT "schema_migrations"."version" FROM "schema_migrations" ORDER BY "schema_migrations"."version" ASC[0m
  ↳ /Users/Jiao/.rbenv/versions/2.5.1/lib/ruby/gems/2.5.0/gems/activerecord-5.2.3/lib/active_record/log_subscriber.rb:98
Processing by StaticPagesController#root as HTML
  Rendering static_pages/root.html.erb within layouts/application
  [1m[36mUser Load (31.3ms)[0m  [1m[34mSELECT  "users".* FROM "users" WHERE "users"."session_token" IS NULL LIMIT $1[0m  [["LIMIT", 1]]
  ↳ app/controllers/application_controller.rb:7
  Rendered static_pages/root.html.erb within layouts/application (82.4ms)
Completed 200 OK in 3757ms (Views: 3704.6ms | ActiveRecord: 49.0ms)


Started GET "/" for ::1 at 2019-10-01 17:26:25 -0400
Processing by StaticPagesController#root as HTML
  Rendering static_pages/root.html.erb within layouts/application
  [1m[36mUser Load (0.8ms)[0m  [1m[34mSELECT  "users".* FROM "users" WHERE "users"."session_token" IS NULL LIMIT $1[0m  [["LIMIT", 1]]
  ↳ app/controllers/application_controller.rb:7
  Rendered static_pages/root.html.erb within layouts/application (18.5ms)
Completed 200 OK in 188ms (Views: 173.3ms | ActiveRecord: 10.2ms)


Started GET "/" for ::1 at 2019-10-01 20:26:06 -0400
  [1m[35m (2.9ms)[0m  [1m[34mSELECT "schema_migrations"."version" FROM "schema_migrations" ORDER BY "schema_migrations"."version" ASC[0m
  ↳ /Users/Jiao/.rbenv/versions/2.5.1/lib/ruby/gems/2.5.0/gems/activerecord-5.2.3/lib/active_record/log_subscriber.rb:98
Processing by StaticPagesController#root as HTML
  Rendering static_pages/root.html.erb within layouts/application
  [1m[36mUser Load (7.4ms)[0m  [1m[34mSELECT  "users".* FROM "users" WHERE "users"."session_token" IS NULL LIMIT $1[0m  [["LIMIT", 1]]
  ↳ app/controllers/application_controller.rb:7
  Rendered static_pages/root.html.erb within layouts/application (58.4ms)
Completed 200 OK in 1444ms (Views: 1412.3ms | ActiveRecord: 27.4ms)


Started GET "/" for ::1 at 2019-10-01 20:30:59 -0400
Processing by StaticPagesController#root as HTML
  Rendering static_pages/root.html.erb within layouts/application
  [1m[36mUser Load (1.3ms)[0m  [1m[34mSELECT  "users".* FROM "users" WHERE "users"."session_token" IS NULL LIMIT $1[0m  [["LIMIT", 1]]
  ↳ app/controllers/application_controller.rb:7
  Rendered static_pages/root.html.erb within layouts/application (32.8ms)
Completed 200 OK in 660ms (Views: 650.2ms | ActiveRecord: 1.3ms)


Started POST "/api/users" for ::1 at 2019-10-01 20:32:06 -0400
Processing by Api::UsersController#create as JSON
  Parameters: {"user"=>{"username"=>"jiaojiao", "password"=>"[FILTERED]"}}
  [1m[35m (1.3ms)[0m  [1m[35mBEGIN[0m
  ↳ app/models/user.rb:46
  [1m[36mUser Exists (13.5ms)[0m  [1m[34mSELECT  1 AS one FROM "users" WHERE "users"."username" = $1 LIMIT $2[0m  [["username", "jiaojiao"], ["LIMIT", 1]]
  ↳ app/models/user.rb:46
  [1m[36mUser Exists (7.1ms)[0m  [1m[34mSELECT  1 AS one FROM "users" WHERE "users"."email" IS NULL LIMIT $1[0m  [["LIMIT", 1]]
  ↳ app/models/user.rb:46
  [1m[36mUser Exists (0.7ms)[0m  [1m[34mSELECT  1 AS one FROM "users" WHERE "users"."session_token" = $1 LIMIT $2[0m  [["session_token", "z6ZOhmwcmNwvKG_WP8Ksmg"], ["LIMIT", 1]]
  ↳ app/models/user.rb:46
  [1m[35m (1.3ms)[0m  [1m[31mROLLBACK[0m
  ↳ app/models/user.rb:46
Completed 422 Unprocessable Entity in 458ms (ActiveRecord: 74.6ms)



ActiveRecord::RecordInvalid - Validation failed: Email can't be blank:
  app/models/user.rb:46:in `ensure_session_token'
  app/controllers/api/users_controller.rb:3:in `create'

Started POST "/api/users" for ::1 at 2019-10-01 20:32:45 -0400
Processing by Api::UsersController#create as JSON
  Parameters: {"user"=>{"username"=>"jiaojiao", "email"=>"jiaojiao@gmail.com", "password"=>"[FILTERED]"}}
  [1m[35m (0.3ms)[0m  [1m[35mBEGIN[0m
  ↳ app/models/user.rb:46
  [1m[36mUser Exists (0.6ms)[0m  [1m[34mSELECT  1 AS one FROM "users" WHERE "users"."username" = $1 LIMIT $2[0m  [["username", "jiaojiao"], ["LIMIT", 1]]
  ↳ app/models/user.rb:46
  [1m[36mUser Exists (0.6ms)[0m  [1m[34mSELECT  1 AS one FROM "users" WHERE "users"."email" = $1 LIMIT $2[0m  [["email", "jiaojiao@gmail.com"], ["LIMIT", 1]]
  ↳ app/models/user.rb:46
  [1m[36mUser Exists (0.4ms)[0m  [1m[34mSELECT  1 AS one FROM "users" WHERE "users"."session_token" = $1 LIMIT $2[0m  [["session_token", "soAs8lw8U1a4NreHN0SiVA"], ["LIMIT", 1]]
  ↳ app/models/user.rb:46
  [1m[36mUser Create (24.8ms)[0m  [1m[32mINSERT INTO "users" ("username", "email", "password_digest", "session_token", "created_at", "updated_at") VALUES ($1, $2, $3, $4, $5, $6) RETURNING "id"[0m  [["username", "jiaojiao"], ["email", "jiaojiao@gmail.com"], ["password_digest", "$2a$12$gLtg2VvnDyQW4Zw5k5QUxeGwD4e63KsIMCUKwUajlPQVTvQDGAWlq"], ["session_token", "soAs8lw8U1a4NreHN0SiVA"], ["created_at", "2019-10-02 00:32:45.664190"], ["updated_at", "2019-10-02 00:32:45.664190"]]
  ↳ app/models/user.rb:46
  [1m[35m (1.6ms)[0m  [1m[35mCOMMIT[0m
  ↳ app/models/user.rb:46
  [1m[35m (0.2ms)[0m  [1m[35mBEGIN[0m
  ↳ app/controllers/api/users_controller.rb:4
  [1m[36mUser Exists (1.1ms)[0m  [1m[34mSELECT  1 AS one FROM "users" WHERE "users"."username" = $1 AND "users"."id" != $2 LIMIT $3[0m  [["username", "jiaojiao"], ["id", 2], ["LIMIT", 1]]
  ↳ app/controllers/api/users_controller.rb:4
  [1m[36mUser Exists (0.5ms)[0m  [1m[34mSELECT  1 AS one FROM "users" WHERE "users"."email" = $1 AND "users"."id" != $2 LIMIT $3[0m  [["email", "jiaojiao@gmail.com"], ["id", 2], ["LIMIT", 1]]
  ↳ app/controllers/api/users_controller.rb:4
  [1m[36mUser Exists (1.4ms)[0m  [1m[34mSELECT  1 AS one FROM "users" WHERE "users"."session_token" = $1 AND "users"."id" != $2 LIMIT $3[0m  [["session_token", "soAs8lw8U1a4NreHN0SiVA"], ["id", 2], ["LIMIT", 1]]
  ↳ app/controllers/api/users_controller.rb:4
  [1m[35m (1.2ms)[0m  [1m[35mCOMMIT[0m
  ↳ app/controllers/api/users_controller.rb:4
Completed 500 Internal Server Error in 689ms (ActiveRecord: 32.8ms)



NameError - undefined local variable or method `session_token' for #<Api::UsersController:0x00007f865cbea778>
Did you mean?  session:
  app/controllers/application_controller.rb:19:in `login!'
  app/controllers/api/users_controller.rb:5:in `create'

  [1m[36mUser Load (1.9ms)[0m  [1m[34mSELECT  "users".* FROM "users" ORDER BY "users"."id" DESC LIMIT $1[0m  [["LIMIT", 1]]
  [1m[35m (0.2ms)[0m  [1m[35mBEGIN[0m
  [1m[36mUser Exists (1.3ms)[0m  [1m[34mSELECT  1 AS one FROM "users" WHERE "users"."username" = $1 AND "users"."id" != $2 LIMIT $3[0m  [["username", "jiaojiao"], ["id", 2], ["LIMIT", 1]]
  [1m[36mUser Exists (0.8ms)[0m  [1m[34mSELECT  1 AS one FROM "users" WHERE "users"."email" = $1 AND "users"."id" != $2 LIMIT $3[0m  [["email", "jiaojiao@gmail.com"], ["id", 2], ["LIMIT", 1]]
  [1m[36mUser Exists (0.5ms)[0m  [1m[34mSELECT  1 AS one FROM "users" WHERE "users"."session_token" = $1 AND "users"."id" != $2 LIMIT $3[0m  [["session_token", "soAs8lw8U1a4NreHN0SiVA"], ["id", 2], ["LIMIT", 1]]
  [1m[35m (0.6ms)[0m  [1m[35mCOMMIT[0m
Started GET "/" for ::1 at 2019-10-01 20:38:09 -0400
Processing by StaticPagesController#root as HTML
  Rendering static_pages/root.html.erb within layouts/application
  [1m[36mUser Load (0.6ms)[0m  [1m[34mSELECT  "users".* FROM "users" WHERE "users"."session_token" IS NULL LIMIT $1[0m  [["LIMIT", 1]]
  ↳ app/controllers/application_controller.rb:7
  Rendered static_pages/root.html.erb within layouts/application (30.0ms)
Completed 200 OK in 123ms (Views: 110.5ms | ActiveRecord: 9.4ms)


Started POST "/api/users" for ::1 at 2019-10-01 20:38:29 -0400
Processing by Api::UsersController#create as JSON
  Parameters: {"user"=>{"username"=>"jiaojiao123", "email"=>"jiaojiao123@gmail.com", "password"=>"[FILTERED]"}}
  [1m[35m (0.2ms)[0m  [1m[35mBEGIN[0m
  ↳ app/models/user.rb:46
  [1m[36mUser Exists (0.7ms)[0m  [1m[34mSELECT  1 AS one FROM "users" WHERE "users"."username" = $1 LIMIT $2[0m  [["username", "jiaojiao123"], ["LIMIT", 1]]
  ↳ app/models/user.rb:46
  [1m[36mUser Exists (0.6ms)[0m  [1m[34mSELECT  1 AS one FROM "users" WHERE "users"."email" = $1 LIMIT $2[0m  [["email", "jiaojiao123@gmail.com"], ["LIMIT", 1]]
  ↳ app/models/user.rb:46
  [1m[36mUser Exists (0.4ms)[0m  [1m[34mSELECT  1 AS one FROM "users" WHERE "users"."session_token" = $1 LIMIT $2[0m  [["session_token", "nsoWekENp8RGGmiIGkYnZg"], ["LIMIT", 1]]
  ↳ app/models/user.rb:46
  [1m[36mUser Create (8.4ms)[0m  [1m[32mINSERT INTO "users" ("username", "email", "password_digest", "session_token", "created_at", "updated_at") VALUES ($1, $2, $3, $4, $5, $6) RETURNING "id"[0m  [["username", "jiaojiao123"], ["email", "jiaojiao123@gmail.com"], ["password_digest", "$2a$12$V5tfK.4vMnYo/1BBIimDx.ev.yR3Ht8Te0zGLgAw/o7QKn0xXZ1ym"], ["session_token", "nsoWekENp8RGGmiIGkYnZg"], ["created_at", "2019-10-02 00:38:29.750905"], ["updated_at", "2019-10-02 00:38:29.750905"]]
  ↳ app/models/user.rb:46
  [1m[35m (1.1ms)[0m  [1m[35mCOMMIT[0m
  ↳ app/models/user.rb:46
  [1m[35m (0.2ms)[0m  [1m[35mBEGIN[0m
  ↳ app/controllers/api/users_controller.rb:4
  [1m[36mUser Exists (1.7ms)[0m  [1m[34mSELECT  1 AS one FROM "users" WHERE "users"."username" = $1 AND "users"."id" != $2 LIMIT $3[0m  [["username", "jiaojiao123"], ["id", 3], ["LIMIT", 1]]
  ↳ app/controllers/api/users_controller.rb:4
  [1m[36mUser Exists (0.6ms)[0m  [1m[34mSELECT  1 AS one FROM "users" WHERE "users"."email" = $1 AND "users"."id" != $2 LIMIT $3[0m  [["email", "jiaojiao123@gmail.com"], ["id", 3], ["LIMIT", 1]]
  ↳ app/controllers/api/users_controller.rb:4
  [1m[36mUser Exists (0.6ms)[0m  [1m[34mSELECT  1 AS one FROM "users" WHERE "users"."session_token" = $1 AND "users"."id" != $2 LIMIT $3[0m  [["session_token", "nsoWekENp8RGGmiIGkYnZg"], ["id", 3], ["LIMIT", 1]]
  ↳ app/controllers/api/users_controller.rb:4
  [1m[35m (0.9ms)[0m  [1m[35mCOMMIT[0m
  ↳ app/controllers/api/users_controller.rb:4
  Rendering api/users/show.json.jbuilder
  Rendered api/users/_user.json.jbuilder (0.4ms)
  Rendered api/users/show.json.jbuilder (2.2ms)
Completed 200 OK in 405ms (Views: 12.6ms | ActiveRecord: 27.6ms)


Started POST "/api/session" for ::1 at 2019-10-01 20:39:51 -0400
Processing by Api::SessionsController#create as JSON
  Parameters: {"user"=>{"username"=>"jiaojiao123", "email"=>"jiaojiao123@gmail.com", "password"=>"[FILTERED]"}}
  [1m[36mUser Load (0.6ms)[0m  [1m[34mSELECT  "users".* FROM "users" WHERE "users"."username" = $1 LIMIT $2[0m  [["username", "jiaojiao123@gmail.com"], ["LIMIT", 1]]
  ↳ app/models/user.rb:22
Completed 401 Unauthorized in 6ms (Views: 0.6ms | ActiveRecord: 0.6ms)


Started POST "/api/session" for ::1 at 2019-10-01 20:40:31 -0400
Processing by Api::SessionsController#create as JSON
  Parameters: {"user"=>{"email"=>"jiaojiao123@gmail.com", "password"=>"[FILTERED]"}}
  [1m[36mUser Load (0.5ms)[0m  [1m[34mSELECT  "users".* FROM "users" WHERE "users"."username" = $1 LIMIT $2[0m  [["username", "jiaojiao123@gmail.com"], ["LIMIT", 1]]
  ↳ app/models/user.rb:22
Completed 401 Unauthorized in 3ms (Views: 0.2ms | ActiveRecord: 0.5ms)


Started POST "/api/session" for ::1 at 2019-10-01 20:42:25 -0400
Processing by Api::SessionsController#create as JSON
  Parameters: {"user"=>{"email"=>"jiaojiao123@gmail.com", "password"=>"[FILTERED]"}}
  [1m[36mUser Load (0.7ms)[0m  [1m[34mSELECT  "users".* FROM "users" WHERE "users"."username" = $1 LIMIT $2[0m  [["username", "jiaojiao123@gmail.com"], ["LIMIT", 1]]
  ↳ app/models/user.rb:22
Completed 401 Unauthorized in 3ms (Views: 0.3ms | ActiveRecord: 0.7ms)


Started POST "/api/session" for ::1 at 2019-10-01 20:44:11 -0400
Processing by Api::SessionsController#create as JSON
  Parameters: {"user"=>{"email"=>"jiaojiao123@gmail.com", "password"=>"[FILTERED]"}}
  [1m[36mUser Load (0.5ms)[0m  [1m[34mSELECT  "users".* FROM "users" WHERE "users"."username" = $1 LIMIT $2[0m  [["username", "jiaojiao123@gmail.com"], ["LIMIT", 1]]
  ↳ app/models/user.rb:22
Completed 401 Unauthorized in 89347ms (Views: 1.0ms | ActiveRecord: 3.3ms)


Started GET "/" for ::1 at 2019-10-01 20:45:51 -0400
Processing by StaticPagesController#root as HTML
  Rendering static_pages/root.html.erb within layouts/application
  [1m[36mUser Load (0.7ms)[0m  [1m[34mSELECT  "users".* FROM "users" WHERE "users"."session_token" = $1 LIMIT $2[0m  [["session_token", "18As5XukgYaCwDyQo7XfaA"], ["LIMIT", 1]]
  ↳ app/controllers/application_controller.rb:7
  Rendered static_pages/root.html.erb within layouts/application (26.3ms)
Completed 200 OK in 108ms (Views: 98.1ms | ActiveRecord: 6.3ms)


Started POST "/api/session" for ::1 at 2019-10-01 20:46:04 -0400
Processing by Api::SessionsController#create as JSON
  Parameters: {"user"=>{"email"=>"jiaojiao123@gmail.com", "password"=>"[FILTERED]"}}
  [1m[36mUser Load (1.0ms)[0m  [1m[34mSELECT  "users".* FROM "users" WHERE "users"."email" = $1 LIMIT $2[0m  [["email", "jiaojiao123@gmail.com"], ["LIMIT", 1]]
  ↳ app/models/user.rb:22
  [1m[35m (0.2ms)[0m  [1m[35mBEGIN[0m
  ↳ app/models/user.rb:46
  [1m[36mUser Exists (0.7ms)[0m  [1m[34mSELECT  1 AS one FROM "users" WHERE "users"."username" = $1 AND "users"."id" != $2 LIMIT $3[0m  [["username", "jiaojiao123"], ["id", 3], ["LIMIT", 1]]
  ↳ app/models/user.rb:46
  [1m[36mUser Exists (3.1ms)[0m  [1m[34mSELECT  1 AS one FROM "users" WHERE "users"."email" = $1 AND "users"."id" != $2 LIMIT $3[0m  [["email", "jiaojiao123@gmail.com"], ["id", 3], ["LIMIT", 1]]
  ↳ app/models/user.rb:46
  [1m[36mUser Exists (0.7ms)[0m  [1m[34mSELECT  1 AS one FROM "users" WHERE "users"."session_token" = $1 AND "users"."id" != $2 LIMIT $3[0m  [["session_token", "nsoWekENp8RGGmiIGkYnZg"], ["id", 3], ["LIMIT", 1]]
  ↳ app/models/user.rb:46
  [1m[35m (0.3ms)[0m  [1m[35mCOMMIT[0m
  ↳ app/models/user.rb:46
Completed 500 Internal Server Error in 72ms (ActiveRecord: 19.1ms)



NoMethodError - undefined method `new' for :Password:Symbol
Did you mean?  next:
  app/models/user.rb:28:in `is_password?'
  app/models/user.rb:23:in `find_by_credentials'
  app/controllers/api/sessions_controller.rb:3:in `create'

Started GET "/" for ::1 at 2019-10-01 20:46:33 -0400
Processing by StaticPagesController#root as HTML
  Rendering static_pages/root.html.erb within layouts/application
  [1m[36mUser Load (0.4ms)[0m  [1m[34mSELECT  "users".* FROM "users" WHERE "users"."session_token" = $1 LIMIT $2[0m  [["session_token", "18As5XukgYaCwDyQo7XfaA"], ["LIMIT", 1]]
  ↳ app/controllers/application_controller.rb:7
  Rendered static_pages/root.html.erb within layouts/application (21.5ms)
Completed 200 OK in 85ms (Views: 76.5ms | ActiveRecord: 5.6ms)


Started POST "/api/session" for ::1 at 2019-10-01 20:46:40 -0400
Processing by Api::SessionsController#create as JSON
  Parameters: {"user"=>{"email"=>"jiaojiao123@gmail.com", "password"=>"[FILTERED]"}}
  [1m[36mUser Load (0.6ms)[0m  [1m[34mSELECT  "users".* FROM "users" WHERE "users"."email" = $1 LIMIT $2[0m  [["email", "jiaojiao123@gmail.com"], ["LIMIT", 1]]
  ↳ app/models/user.rb:22
  [1m[35m (0.3ms)[0m  [1m[35mBEGIN[0m
  ↳ app/models/user.rb:46
  [1m[36mUser Exists (1.3ms)[0m  [1m[34mSELECT  1 AS one FROM "users" WHERE "users"."username" = $1 AND "users"."id" != $2 LIMIT $3[0m  [["username", "jiaojiao123"], ["id", 3], ["LIMIT", 1]]
  ↳ app/models/user.rb:46
  [1m[36mUser Exists (4.0ms)[0m  [1m[34mSELECT  1 AS one FROM "users" WHERE "users"."email" = $1 AND "users"."id" != $2 LIMIT $3[0m  [["email", "jiaojiao123@gmail.com"], ["id", 3], ["LIMIT", 1]]
  ↳ app/models/user.rb:46
  [1m[36mUser Exists (0.6ms)[0m  [1m[34mSELECT  1 AS one FROM "users" WHERE "users"."session_token" = $1 AND "users"."id" != $2 LIMIT $3[0m  [["session_token", "nsoWekENp8RGGmiIGkYnZg"], ["id", 3], ["LIMIT", 1]]
  ↳ app/models/user.rb:46
  [1m[35m (0.4ms)[0m  [1m[35mCOMMIT[0m
  ↳ app/models/user.rb:46
Completed 500 Internal Server Error in 63ms (ActiveRecord: 21.0ms)



NoMethodError - undefined method `is_password' for "$2a$12$V5tfK.4vMnYo/1BBIimDx.ev.yR3Ht8Te0zGLgAw/o7QKn0xXZ1ym":BCrypt::Password
Did you mean?  is_password?:
  app/models/user.rb:28:in `is_password?'
  app/models/user.rb:23:in `find_by_credentials'
  app/controllers/api/sessions_controller.rb:3:in `create'

Started GET "/" for ::1 at 2019-10-01 20:47:08 -0400
Processing by StaticPagesController#root as HTML
  Rendering static_pages/root.html.erb within layouts/application
  [1m[36mUser Load (0.4ms)[0m  [1m[34mSELECT  "users".* FROM "users" WHERE "users"."session_token" = $1 LIMIT $2[0m  [["session_token", "18As5XukgYaCwDyQo7XfaA"], ["LIMIT", 1]]
  ↳ app/controllers/application_controller.rb:7
  Rendered static_pages/root.html.erb within layouts/application (21.0ms)
Completed 200 OK in 95ms (Views: 80.5ms | ActiveRecord: 11.9ms)


Started POST "/api/session" for ::1 at 2019-10-01 20:47:15 -0400
Processing by Api::SessionsController#create as JSON
  Parameters: {"user"=>{"email"=>"jiaojiao123@gmail.com", "password"=>"[FILTERED]"}}
  [1m[36mUser Load (0.8ms)[0m  [1m[34mSELECT  "users".* FROM "users" WHERE "users"."email" = $1 LIMIT $2[0m  [["email", "jiaojiao123@gmail.com"], ["LIMIT", 1]]
  ↳ app/models/user.rb:22
  [1m[35m (0.2ms)[0m  [1m[35mBEGIN[0m
  ↳ app/models/user.rb:46
  [1m[36mUser Exists (0.6ms)[0m  [1m[34mSELECT  1 AS one FROM "users" WHERE "users"."username" = $1 AND "users"."id" != $2 LIMIT $3[0m  [["username", "jiaojiao123"], ["id", 3], ["LIMIT", 1]]
  ↳ app/models/user.rb:46
  [1m[36mUser Exists (0.4ms)[0m  [1m[34mSELECT  1 AS one FROM "users" WHERE "users"."email" = $1 AND "users"."id" != $2 LIMIT $3[0m  [["email", "jiaojiao123@gmail.com"], ["id", 3], ["LIMIT", 1]]
  ↳ app/models/user.rb:46
  [1m[36mUser Exists (0.8ms)[0m  [1m[34mSELECT  1 AS one FROM "users" WHERE "users"."session_token" = $1 AND "users"."id" != $2 LIMIT $3[0m  [["session_token", "nsoWekENp8RGGmiIGkYnZg"], ["id", 3], ["LIMIT", 1]]
  ↳ app/models/user.rb:46
  [1m[35m (6.7ms)[0m  [1m[35mCOMMIT[0m
  ↳ app/models/user.rb:46
Completed 401 Unauthorized in 395ms (Views: 0.3ms | ActiveRecord: 25.4ms)


Started GET "/" for ::1 at 2019-10-01 20:49:46 -0400
Processing by StaticPagesController#root as HTML
  Rendering static_pages/root.html.erb within layouts/application
  [1m[36mUser Load (2.5ms)[0m  [1m[34mSELECT  "users".* FROM "users" WHERE "users"."session_token" = $1 LIMIT $2[0m  [["session_token", "18As5XukgYaCwDyQo7XfaA"], ["LIMIT", 1]]
  ↳ app/controllers/application_controller.rb:7
  Rendered static_pages/root.html.erb within layouts/application (16.6ms)
Completed 200 OK in 79ms (Views: 65.5ms | ActiveRecord: 9.2ms)


Started POST "/api/session" for ::1 at 2019-10-01 20:49:53 -0400
Processing by Api::SessionsController#create as JSON
  Parameters: {"user"=>{"email"=>"jiaojiao123@gmail.com", "password"=>"[FILTERED]"}}
  [1m[36mUser Load (0.5ms)[0m  [1m[34mSELECT  "users".* FROM "users" WHERE "users"."email" = $1 LIMIT $2[0m  [["email", "jiaojiao123@gmail.com"], ["LIMIT", 1]]
  ↳ app/models/user.rb:22
  [1m[35m (0.4ms)[0m  [1m[35mBEGIN[0m
  ↳ app/models/user.rb:46
  [1m[36mUser Exists (0.5ms)[0m  [1m[34mSELECT  1 AS one FROM "users" WHERE "users"."username" = $1 AND "users"."id" != $2 LIMIT $3[0m  [["username", "jiaojiao123"], ["id", 3], ["LIMIT", 1]]
  ↳ app/models/user.rb:46
  [1m[36mUser Exists (0.5ms)[0m  [1m[34mSELECT  1 AS one FROM "users" WHERE "users"."email" = $1 AND "users"."id" != $2 LIMIT $3[0m  [["email", "jiaojiao123@gmail.com"], ["id", 3], ["LIMIT", 1]]
  ↳ app/models/user.rb:46
  [1m[36mUser Exists (0.5ms)[0m  [1m[34mSELECT  1 AS one FROM "users" WHERE "users"."session_token" = $1 AND "users"."id" != $2 LIMIT $3[0m  [["session_token", "nsoWekENp8RGGmiIGkYnZg"], ["id", 3], ["LIMIT", 1]]
  ↳ app/models/user.rb:46
  [1m[35m (0.2ms)[0m  [1m[35mCOMMIT[0m
  ↳ app/models/user.rb:46
  Rendering api/users/show.json.jbuilder
  Rendered api/users/_user.json.jbuilder (0.5ms)
  Rendered api/users/show.json.jbuilder (3.4ms)
Completed 200 OK in 404ms (Views: 22.0ms | ActiveRecord: 15.2ms)


Started DELETE "/api/session" for ::1 at 2019-10-01 20:50:19 -0400
Processing by Api::SessionsController#destroy as JSON
Completed 500 Internal Server Error in 235ms (ActiveRecord: 0.0ms)



NoMethodError - undefined method `find_by' for #<Api::SessionsController:0x00007f865e031880>:
  app/controllers/api/sessions_controller.rb:14:in `destroy'

Started GET "/" for ::1 at 2019-10-01 20:51:10 -0400
Processing by StaticPagesController#root as HTML
  Rendering static_pages/root.html.erb within layouts/application
  [1m[36mUser Load (0.4ms)[0m  [1m[34mSELECT  "users".* FROM "users" WHERE "users"."session_token" = $1 LIMIT $2[0m  [["session_token", "USv2EKg58uyxreU8ToPGEA"], ["LIMIT", 1]]
  ↳ app/controllers/application_controller.rb:7
  Rendered static_pages/root.html.erb within layouts/application (13.2ms)
Completed 200 OK in 79ms (Views: 71.1ms | ActiveRecord: 3.8ms)


Started DELETE "/api/session" for ::1 at 2019-10-01 20:51:15 -0400
Processing by Api::SessionsController#destroy as JSON
Completed 500 Internal Server Error in 162ms (ActiveRecord: 0.0ms)



NoMethodError - undefined method `find_by' for #<Api::SessionsController:0x00007f865cc4d698>:
  app/controllers/api/sessions_controller.rb:14:in `destroy'

Started GET "/" for ::1 at 2019-10-01 20:52:30 -0400
Processing by StaticPagesController#root as HTML
  Rendering static_pages/root.html.erb within layouts/application
  [1m[36mUser Load (0.6ms)[0m  [1m[34mSELECT  "users".* FROM "users" WHERE "users"."session_token" = $1 LIMIT $2[0m  [["session_token", "USv2EKg58uyxreU8ToPGEA"], ["LIMIT", 1]]
  ↳ app/controllers/application_controller.rb:7
  Rendered static_pages/root.html.erb within layouts/application (20.4ms)
Completed 200 OK in 113ms (Views: 100.7ms | ActiveRecord: 7.9ms)


Started DELETE "/api/session" for ::1 at 2019-10-01 20:52:35 -0400
Processing by Api::SessionsController#destroy as JSON
  [1m[36mUser Load (0.9ms)[0m  [1m[34mSELECT  "users".* FROM "users" WHERE "users"."session_token" = $1 LIMIT $2[0m  [["session_token", "USv2EKg58uyxreU8ToPGEA"], ["LIMIT", 1]]
  ↳ app/controllers/application_controller.rb:7
Completed 404 Not Found in 4ms (Views: 0.4ms | ActiveRecord: 0.9ms)


Started POST "/api/session" for ::1 at 2019-10-01 20:52:50 -0400
Processing by Api::SessionsController#create as JSON
  Parameters: {"user"=>{"email"=>"jiaojiao123@gmail.com", "password"=>"[FILTERED]"}}
  [1m[36mUser Load (0.8ms)[0m  [1m[34mSELECT  "users".* FROM "users" WHERE "users"."email" = $1 LIMIT $2[0m  [["email", "jiaojiao123@gmail.com"], ["LIMIT", 1]]
  ↳ app/models/user.rb:22
  [1m[35m (3.1ms)[0m  [1m[35mBEGIN[0m
  ↳ app/models/user.rb:46
  [1m[36mUser Exists (1.8ms)[0m  [1m[34mSELECT  1 AS one FROM "users" WHERE "users"."username" = $1 AND "users"."id" != $2 LIMIT $3[0m  [["username", "jiaojiao123"], ["id", 3], ["LIMIT", 1]]
  ↳ app/models/user.rb:46
  [1m[36mUser Exists (2.0ms)[0m  [1m[34mSELECT  1 AS one FROM "users" WHERE "users"."email" = $1 AND "users"."id" != $2 LIMIT $3[0m  [["email", "jiaojiao123@gmail.com"], ["id", 3], ["LIMIT", 1]]
  ↳ app/models/user.rb:46
  [1m[36mUser Exists (1.3ms)[0m  [1m[34mSELECT  1 AS one FROM "users" WHERE "users"."session_token" = $1 AND "users"."id" != $2 LIMIT $3[0m  [["session_token", "nsoWekENp8RGGmiIGkYnZg"], ["id", 3], ["LIMIT", 1]]
  ↳ app/models/user.rb:46
  [1m[35m (0.2ms)[0m  [1m[35mCOMMIT[0m
  ↳ app/models/user.rb:46
  Rendering api/users/show.json.jbuilder
  Rendered api/users/_user.json.jbuilder (0.6ms)
  Rendered api/users/show.json.jbuilder (3.2ms)
Completed 200 OK in 411ms (Views: 21.6ms | ActiveRecord: 18.1ms)


Started DELETE "/api/session" for ::1 at 2019-10-01 20:52:56 -0400
Processing by Api::SessionsController#destroy as JSON
  [1m[36mUser Load (3.1ms)[0m  [1m[34mSELECT  "users".* FROM "users" WHERE "users"."session_token" = $1 LIMIT $2[0m  [["session_token", "WXJBkQE38PILY6lWaCcZ7g"], ["LIMIT", 1]]
  ↳ app/controllers/application_controller.rb:7
Completed 404 Not Found in 6ms (Views: 0.3ms | ActiveRecord: 3.1ms)


Started POST "/api/session" for ::1 at 2019-10-01 20:53:53 -0400
Processing by Api::SessionsController#create as JSON
  Parameters: {"user"=>{"email"=>"jiaojiao123@gmail.com", "password"=>"[FILTERED]"}}
  [1m[36mUser Load (0.6ms)[0m  [1m[34mSELECT  "users".* FROM "users" WHERE "users"."email" = $1 LIMIT $2[0m  [["email", "jiaojiao123@gmail.com"], ["LIMIT", 1]]
  ↳ app/models/user.rb:22
  [1m[35m (0.2ms)[0m  [1m[35mBEGIN[0m
  ↳ app/models/user.rb:46
  [1m[36mUser Exists (0.9ms)[0m  [1m[34mSELECT  1 AS one FROM "users" WHERE "users"."username" = $1 AND "users"."id" != $2 LIMIT $3[0m  [["username", "jiaojiao123"], ["id", 3], ["LIMIT", 1]]
  ↳ app/models/user.rb:46
  [1m[36mUser Exists (0.7ms)[0m  [1m[34mSELECT  1 AS one FROM "users" WHERE "users"."email" = $1 AND "users"."id" != $2 LIMIT $3[0m  [["email", "jiaojiao123@gmail.com"], ["id", 3], ["LIMIT", 1]]
  ↳ app/models/user.rb:46
  [1m[36mUser Exists (0.7ms)[0m  [1m[34mSELECT  1 AS one FROM "users" WHERE "users"."session_token" = $1 AND "users"."id" != $2 LIMIT $3[0m  [["session_token", "nsoWekENp8RGGmiIGkYnZg"], ["id", 3], ["LIMIT", 1]]
  ↳ app/models/user.rb:46
  [1m[35m (0.3ms)[0m  [1m[35mCOMMIT[0m
  ↳ app/models/user.rb:46
  Rendering api/users/show.json.jbuilder
  Rendered api/users/_user.json.jbuilder (0.5ms)
  Rendered api/users/show.json.jbuilder (2.9ms)
Completed 200 OK in 482ms (Views: 10.7ms | ActiveRecord: 41.9ms)


Started DELETE "/api/session" for ::1 at 2019-10-01 20:54:02 -0400
Processing by Api::SessionsController#destroy as JSON
  [1m[36mUser Load (0.5ms)[0m  [1m[34mSELECT  "users".* FROM "users" WHERE "users"."session_token" = $1 LIMIT $2[0m  [["session_token", "TgjptcbgcaJ6jkaLGb3rbQ"], ["LIMIT", 1]]
  ↳ app/controllers/application_controller.rb:7
  [1m[36mCACHE User Load (0.0ms)[0m  [1m[34mSELECT  "users".* FROM "users" WHERE "users"."session_token" = $1 LIMIT $2[0m  [["session_token", "TgjptcbgcaJ6jkaLGb3rbQ"], ["LIMIT", 1]]
  ↳ app/controllers/application_controller.rb:7
  [1m[36mCACHE User Load (0.2ms)[0m  [1m[34mSELECT  "users".* FROM "users" WHERE "users"."session_token" = $1 LIMIT $2[0m  [["session_token", "TgjptcbgcaJ6jkaLGb3rbQ"], ["LIMIT", 1]]
  ↳ (byebug):1
  [1m[36mUser Load (7.8ms)[0m  [1m[34mSELECT  "users".* FROM "users" WHERE "users"."email" = $1 LIMIT $2[0m  [["email", "jiaojiao123@gmail.com"], ["LIMIT", 1]]
  ↳ (byebug):1
  [1m[35m (0.5ms)[0m  [1m[35mBEGIN[0m
  ↳ app/models/user.rb:46
  [1m[36mUser Exists (1.5ms)[0m  [1m[34mSELECT  1 AS one FROM "users" WHERE "users"."username" = $1 AND "users"."id" != $2 LIMIT $3[0m  [["username", "jiaojiao123"], ["id", 3], ["LIMIT", 1]]
  ↳ app/models/user.rb:46
  [1m[36mUser Exists (0.7ms)[0m  [1m[34mSELECT  1 AS one FROM "users" WHERE "users"."email" = $1 AND "users"."id" != $2 LIMIT $3[0m  [["email", "jiaojiao123@gmail.com"], ["id", 3], ["LIMIT", 1]]
  ↳ app/models/user.rb:46
  [1m[36mUser Exists (0.7ms)[0m  [1m[34mSELECT  1 AS one FROM "users" WHERE "users"."session_token" = $1 AND "users"."id" != $2 LIMIT $3[0m  [["session_token", "nsoWekENp8RGGmiIGkYnZg"], ["id", 3], ["LIMIT", 1]]
  ↳ app/models/user.rb:46
  [1m[35m (0.4ms)[0m  [1m[35mCOMMIT[0m
  ↳ app/models/user.rb:46
  [1m[36mUser Load (4.6ms)[0m  [1m[34mSELECT  "users".* FROM "users" WHERE "users"."session_token" = $1 LIMIT $2[0m  [["session_token", "nsoWekENp8RGGmiIGkYnZg"], ["LIMIT", 1]]
  ↳ (byebug):1
  [1m[35m (0.2ms)[0m  [1m[35mBEGIN[0m
  ↳ app/models/user.rb:46
  [1m[36mCACHE User Exists (0.0ms)[0m  [1m[34mSELECT  1 AS one FROM "users" WHERE "users"."username" = $1 AND "users"."id" != $2 LIMIT $3[0m  [["username", "jiaojiao123"], ["id", 3], ["LIMIT", 1]]
  ↳ app/models/user.rb:46
  [1m[36mCACHE User Exists (0.0ms)[0m  [1m[34mSELECT  1 AS one FROM "users" WHERE "users"."email" = $1 AND "users"."id" != $2 LIMIT $3[0m  [["email", "jiaojiao123@gmail.com"], ["id", 3], ["LIMIT", 1]]
  ↳ app/models/user.rb:46
  [1m[36mCACHE User Exists (0.0ms)[0m  [1m[34mSELECT  1 AS one FROM "users" WHERE "users"."session_token" = $1 AND "users"."id" != $2 LIMIT $3[0m  [["session_token", "nsoWekENp8RGGmiIGkYnZg"], ["id", 3], ["LIMIT", 1]]
  ↳ app/models/user.rb:46
  [1m[35m (1.5ms)[0m  [1m[35mCOMMIT[0m
  ↳ app/models/user.rb:46
Completed 500 Internal Server Error in 319991ms (ActiveRecord: 18.6ms)



SystemExit - exit:
  (byebug):1:in `destroy'
  app/controllers/api/sessions_controller.rb:16:in `destroy'

Started GET "/" for ::1 at 2019-10-01 20:59:22 -0400
Processing by StaticPagesController#root as HTML
  Rendering static_pages/root.html.erb within layouts/application
  [1m[36mUser Load (7.5ms)[0m  [1m[34mSELECT  "users".* FROM "users" WHERE "users"."session_token" = $1 LIMIT $2[0m  [["session_token", "TgjptcbgcaJ6jkaLGb3rbQ"], ["LIMIT", 1]]
  ↳ app/controllers/application_controller.rb:7
  Rendered static_pages/root.html.erb within layouts/application (64.9ms)
Completed 200 OK in 892ms (Views: 870.4ms | ActiveRecord: 10.1ms)


Started GET "/" for ::1 at 2019-10-01 20:59:29 -0400
Processing by StaticPagesController#root as HTML
  Rendering static_pages/root.html.erb within layouts/application
  [1m[36mUser Load (2.1ms)[0m  [1m[34mSELECT  "users".* FROM "users" WHERE "users"."session_token" = $1 LIMIT $2[0m  [["session_token", "TgjptcbgcaJ6jkaLGb3rbQ"], ["LIMIT", 1]]
  ↳ app/controllers/application_controller.rb:7
  Rendered static_pages/root.html.erb within layouts/application (150.9ms)
Completed 200 OK in 948ms (Views: 923.5ms | ActiveRecord: 10.6ms)


Started POST "/api/session" for ::1 at 2019-10-01 20:59:42 -0400
Processing by Api::SessionsController#create as JSON
  Parameters: {"user"=>{"email"=>"jiaojiao123@gmail.com", "password"=>"[FILTERED]"}}
  [1m[36mUser Load (2.3ms)[0m  [1m[34mSELECT  "users".* FROM "users" WHERE "users"."email" = $1 LIMIT $2[0m  [["email", "jiaojiao123@gmail.com"], ["LIMIT", 1]]
  ↳ app/models/user.rb:22
  [1m[35m (1.4ms)[0m  [1m[35mBEGIN[0m
  ↳ app/models/user.rb:46
  [1m[36mUser Exists (1.9ms)[0m  [1m[34mSELECT  1 AS one FROM "users" WHERE "users"."username" = $1 AND "users"."id" != $2 LIMIT $3[0m  [["username", "jiaojiao123"], ["id", 3], ["LIMIT", 1]]
  ↳ app/models/user.rb:46
  [1m[36mUser Exists (5.0ms)[0m  [1m[34mSELECT  1 AS one FROM "users" WHERE "users"."email" = $1 AND "users"."id" != $2 LIMIT $3[0m  [["email", "jiaojiao123@gmail.com"], ["id", 3], ["LIMIT", 1]]
  ↳ app/models/user.rb:46
  [1m[36mUser Exists (3.1ms)[0m  [1m[34mSELECT  1 AS one FROM "users" WHERE "users"."session_token" = $1 AND "users"."id" != $2 LIMIT $3[0m  [["session_token", "nsoWekENp8RGGmiIGkYnZg"], ["id", 3], ["LIMIT", 1]]
  ↳ app/models/user.rb:46
  [1m[35m (11.9ms)[0m  [1m[35mCOMMIT[0m
  ↳ app/models/user.rb:46
  Rendering api/users/show.json.jbuilder
Started DELETE "/api/session" for ::1 at 2019-10-01 21:01:17 -0400
Started DELETE "/api/session" for ::1 at 2019-10-01 21:01:17 -0400
Processing by Api::SessionsController#destroy as JSON
  Rendered api/users/_user.json.jbuilder (0.7ms)
  Rendered api/users/show.json.jbuilder (12.0ms)
Completed 200 OK in 94491ms (Views: 21.9ms | ActiveRecord: 36.8ms)


  [1m[36mUser Load (5.8ms)[0m  [1m[34mSELECT  "users".* FROM "users" WHERE "users"."session_token" = $1 LIMIT $2[0m  [["session_token", "TgjptcbgcaJ6jkaLGb3rbQ"], ["LIMIT", 1]]
  ↳ app/controllers/application_controller.rb:7
Completed 404 Not Found in 26364ms (Views: 0.3ms | ActiveRecord: 5.8ms)


Processing by Api::SessionsController#destroy as JSON
  [1m[36mUser Load (1.2ms)[0m  [1m[34mSELECT  "users".* FROM "users" WHERE "users"."session_token" = $1 LIMIT $2[0m  [["session_token", "TgjptcbgcaJ6jkaLGb3rbQ"], ["LIMIT", 1]]
  ↳ app/controllers/application_controller.rb:7
Completed 404 Not Found in 5278ms (Views: 0.4ms | ActiveRecord: 1.5ms)


Started GET "/" for ::1 at 2019-10-01 21:01:54 -0400
Processing by StaticPagesController#root as HTML
  Rendering static_pages/root.html.erb within layouts/application
  [1m[36mUser Load (0.7ms)[0m  [1m[34mSELECT  "users".* FROM "users" WHERE "users"."session_token" = $1 LIMIT $2[0m  [["session_token", "TgjptcbgcaJ6jkaLGb3rbQ"], ["LIMIT", 1]]
  ↳ app/controllers/application_controller.rb:7
  Rendered static_pages/root.html.erb within layouts/application (2.4ms)
Completed 200 OK in 73ms (Views: 68.4ms | ActiveRecord: 0.7ms)


Started POST "/api/session" for ::1 at 2019-10-01 21:02:02 -0400
Processing by Api::SessionsController#create as JSON
  Parameters: {"user"=>{"email"=>"jiaojiao123@gmail.com", "password"=>"[FILTERED]"}}
  [1m[36mUser Load (0.6ms)[0m  [1m[34mSELECT  "users".* FROM "users" WHERE "users"."email" = $1 LIMIT $2[0m  [["email", "jiaojiao123@gmail.com"], ["LIMIT", 1]]
  ↳ app/models/user.rb:22
  [1m[35m (0.2ms)[0m  [1m[35mBEGIN[0m
  ↳ app/models/user.rb:46
  [1m[36mUser Exists (0.9ms)[0m  [1m[34mSELECT  1 AS one FROM "users" WHERE "users"."username" = $1 AND "users"."id" != $2 LIMIT $3[0m  [["username", "jiaojiao123"], ["id", 3], ["LIMIT", 1]]
  ↳ app/models/user.rb:46
  [1m[36mUser Exists (0.5ms)[0m  [1m[34mSELECT  1 AS one FROM "users" WHERE "users"."email" = $1 AND "users"."id" != $2 LIMIT $3[0m  [["email", "jiaojiao123@gmail.com"], ["id", 3], ["LIMIT", 1]]
  ↳ app/models/user.rb:46
  [1m[36mUser Exists (0.5ms)[0m  [1m[34mSELECT  1 AS one FROM "users" WHERE "users"."session_token" = $1 AND "users"."id" != $2 LIMIT $3[0m  [["session_token", "nsoWekENp8RGGmiIGkYnZg"], ["id", 3], ["LIMIT", 1]]
  ↳ app/models/user.rb:46
  [1m[35m (2.3ms)[0m  [1m[35mCOMMIT[0m
  ↳ app/models/user.rb:46
  Rendering api/users/show.json.jbuilder
  Rendered api/users/_user.json.jbuilder (1.0ms)
  Rendered api/users/show.json.jbuilder (4.9ms)
Completed 200 OK in 25226ms (Views: 17.7ms | ActiveRecord: 5.0ms)


Started DELETE "/api/session" for ::1 at 2019-10-01 21:02:46 -0400
Processing by Api::SessionsController#destroy as JSON
  [1m[36mUser Load (0.7ms)[0m  [1m[34mSELECT  "users".* FROM "users" WHERE "users"."session_token" = $1 LIMIT $2[0m  [["session_token", "HdHYsTaZoU21ZhntoMrmCQ"], ["LIMIT", 1]]
  ↳ app/controllers/application_controller.rb:7
Completed 404 Not Found in 152129ms (Views: 5.5ms | ActiveRecord: 0.7ms)


Started GET "/" for ::1 at 2019-10-01 21:05:23 -0400
Processing by StaticPagesController#root as HTML
  Rendering static_pages/root.html.erb within layouts/application
  [1m[36mUser Load (0.8ms)[0m  [1m[34mSELECT  "users".* FROM "users" WHERE "users"."session_token" = $1 LIMIT $2[0m  [["session_token", "HdHYsTaZoU21ZhntoMrmCQ"], ["LIMIT", 1]]
  ↳ app/controllers/application_controller.rb:7
  Rendered static_pages/root.html.erb within layouts/application (53.0ms)
Completed 200 OK in 154ms (Views: 119.2ms | ActiveRecord: 23.5ms)


Started POST "/api/session" for ::1 at 2019-10-01 21:05:33 -0400
Processing by Api::SessionsController#create as JSON
  Parameters: {"user"=>{"email"=>"jiaojiao123@gmail.com", "password"=>"[FILTERED]"}}
  [1m[36mUser Load (0.6ms)[0m  [1m[34mSELECT  "users".* FROM "users" WHERE "users"."email" = $1 LIMIT $2[0m  [["email", "jiaojiao123@gmail.com"], ["LIMIT", 1]]
  ↳ app/models/user.rb:22
  [1m[35m (4.0ms)[0m  [1m[35mBEGIN[0m
Started POST "/api/session" for ::1 at 2019-10-01 21:06:13 -0400
  ↳ app/models/user.rb:42
Started DELETE "/api/session" for ::1 at 2019-10-01 21:06:13 -0400
Started DELETE "/api/session" for ::1 at 2019-10-01 21:06:13 -0400
Processing by Api::SessionsController#create as JSON
  [1m[36mUser Exists (4.1ms)[0m  [1m[34mSELECT  1 AS one FROM "users" WHERE "users"."username" = $1 AND "users"."id" != $2 LIMIT $3[0m  [["username", "jiaojiao123"], ["id", 3], ["LIMIT", 1]]
  Parameters: {"user"=>{"email"=>"jiaojiao123@gmail.com", "password"=>"[FILTERED]"}}
  ↳ app/models/user.rb:42
Processing by Api::SessionsController#destroy as JSON
  [1m[36mUser Load (4.3ms)[0m  [1m[34mSELECT  "users".* FROM "users" WHERE "users"."email" = $1 LIMIT $2[0m  [["email", "jiaojiao123@gmail.com"], ["LIMIT", 1]]
  ↳ app/models/user.rb:22
  [1m[36mUser Exists (4.0ms)[0m  [1m[34mSELECT  1 AS one FROM "users" WHERE "users"."email" = $1 AND "users"."id" != $2 LIMIT $3[0m  [["email", "jiaojiao123@gmail.com"], ["id", 3], ["LIMIT", 1]]
  [1m[36mUser Load (374.1ms)[0m  [1m[34mSELECT  "users".* FROM "users" WHERE "users"."session_token" = $1 LIMIT $2[0m  [["session_token", "HdHYsTaZoU21ZhntoMrmCQ"], ["LIMIT", 1]]
  ↳ app/controllers/application_controller.rb:7
  [1m[35m (1.9ms)[0m  [1m[35mBEGIN[0m
  ↳ app/models/user.rb:42
  ↳ app/models/user.rb:42
Completed 404 Not Found in 8719ms (Views: 0.6ms | ActiveRecord: 374.1ms)


  [1m[36mUser Exists (58.9ms)[0m  [1m[34mSELECT  1 AS one FROM "users" WHERE "users"."username" = $1 AND "users"."id" != $2 LIMIT $3[0m  [["username", "jiaojiao123"], ["id", 3], ["LIMIT", 1]]
  ↳ app/models/user.rb:42
  [1m[36mUser Exists (61.7ms)[0m  [1m[34mSELECT  1 AS one FROM "users" WHERE "users"."session_token" = $1 AND "users"."id" != $2 LIMIT $3[0m  [["session_token", "yio6DLBKpars9omQ24sXiw"], ["id", 3], ["LIMIT", 1]]
  ↳ app/models/user.rb:42
  [1m[36mUser Exists (18.8ms)[0m  [1m[34mSELECT  1 AS one FROM "users" WHERE "users"."email" = $1 AND "users"."id" != $2 LIMIT $3[0m  [["email", "jiaojiao123@gmail.com"], ["id", 3], ["LIMIT", 1]]
  ↳ app/models/user.rb:42
  [1m[36mUser Exists (4.8ms)[0m  [1m[34mSELECT  1 AS one FROM "users" WHERE "users"."session_token" = $1 AND "users"."id" != $2 LIMIT $3[0m  [["session_token", "6NxmGs3QP5BICSUl_O0B0A"], ["id", 3], ["LIMIT", 1]]
  ↳ app/models/user.rb:42
  [1m[36mUser Update (60.0ms)[0m  [1m[33mUPDATE "users" SET "session_token" = $1, "updated_at" = $2 WHERE "users"."id" = $3[0m  [["session_token", "6NxmGs3QP5BICSUl_O0B0A"], ["updated_at", "2019-10-02 01:06:22.561673"], ["id", 3]]
  ↳ app/models/user.rb:42
  [1m[35m (2.4ms)[0m  [1m[35mCOMMIT[0m
  [1m[36mUser Update (88.9ms)[0m  [1m[33mUPDATE "users" SET "session_token" = $1, "updated_at" = $2 WHERE "users"."id" = $3[0m  [["session_token", "yio6DLBKpars9omQ24sXiw"], ["updated_at", "2019-10-02 01:06:22.537182"], ["id", 3]]
  ↳ app/models/user.rb:42
  ↳ app/models/user.rb:42
  [1m[35m (6.1ms)[0m  [1m[35mCOMMIT[0m
  Rendering api/users/show.json.jbuilder
  ↳ app/models/user.rb:42
Processing by Api::SessionsController#destroy as JSON
  Rendering api/users/show.json.jbuilder
  Rendered api/users/_user.json.jbuilder (1.2ms)
  Rendered api/users/show.json.jbuilder (18.0ms)
  Rendered api/users/_user.json.jbuilder (0.1ms)
Completed 200 OK in 8921ms (Views: 35.1ms | ActiveRecord: 151.1ms)


  Rendered api/users/show.json.jbuilder (3.2ms)
Completed 200 OK in 48931ms (Views: 19.0ms | ActiveRecord: 190.2ms)


  [1m[36mUser Load (6.0ms)[0m  [1m[34mSELECT  "users".* FROM "users" WHERE "users"."session_token" = $1 LIMIT $2[0m  [["session_token", "HdHYsTaZoU21ZhntoMrmCQ"], ["LIMIT", 1]]
  ↳ app/controllers/application_controller.rb:7
Completed 404 Not Found in 4134ms (Views: 0.5ms | ActiveRecord: 8.0ms)


Started POST "/api/session" for ::1 at 2019-10-01 21:06:40 -0400
Processing by Api::SessionsController#create as JSON
  Parameters: {"user"=>{"email"=>"jiaojiao123@gmail.com", "password"=>"[FILTERED]"}}
  [1m[36mUser Load (0.5ms)[0m  [1m[34mSELECT  "users".* FROM "users" WHERE "users"."email" = $1 LIMIT $2[0m  [["email", "jiaojiao123@gmail.com"], ["LIMIT", 1]]
  ↳ app/models/user.rb:22
  [1m[35m (0.2ms)[0m  [1m[35mBEGIN[0m
  ↳ app/models/user.rb:42
  [1m[36mUser Exists (0.7ms)[0m  [1m[34mSELECT  1 AS one FROM "users" WHERE "users"."username" = $1 AND "users"."id" != $2 LIMIT $3[0m  [["username", "jiaojiao123"], ["id", 3], ["LIMIT", 1]]
  ↳ app/models/user.rb:42
  [1m[36mUser Exists (0.7ms)[0m  [1m[34mSELECT  1 AS one FROM "users" WHERE "users"."email" = $1 AND "users"."id" != $2 LIMIT $3[0m  [["email", "jiaojiao123@gmail.com"], ["id", 3], ["LIMIT", 1]]
  ↳ app/models/user.rb:42
  [1m[36mUser Exists (0.8ms)[0m  [1m[34mSELECT  1 AS one FROM "users" WHERE "users"."session_token" = $1 AND "users"."id" != $2 LIMIT $3[0m  [["session_token", "y5am7_M8tkqgOlyNVgMT6g"], ["id", 3], ["LIMIT", 1]]
  ↳ app/models/user.rb:42
  [1m[36mUser Update (0.9ms)[0m  [1m[33mUPDATE "users" SET "session_token" = $1, "updated_at" = $2 WHERE "users"."id" = $3[0m  [["session_token", "y5am7_M8tkqgOlyNVgMT6g"], ["updated_at", "2019-10-02 01:06:40.575888"], ["id", 3]]
  ↳ app/models/user.rb:42
  [1m[35m (12.9ms)[0m  [1m[35mCOMMIT[0m
  ↳ app/models/user.rb:42
  Rendering api/users/show.json.jbuilder
  Rendered api/users/_user.json.jbuilder (1.0ms)
  Rendered api/users/show.json.jbuilder (4.3ms)
Completed 200 OK in 454ms (Views: 13.9ms | ActiveRecord: 39.6ms)


Started DELETE "/api/session" for ::1 at 2019-10-01 21:06:43 -0400
Processing by Api::SessionsController#destroy as JSON
  [1m[36mUser Load (5.4ms)[0m  [1m[34mSELECT  "users".* FROM "users" WHERE "users"."session_token" = $1 LIMIT $2[0m  [["session_token", "y5am7_M8tkqgOlyNVgMT6g"], ["LIMIT", 1]]
  ↳ app/controllers/application_controller.rb:7
Completed 500 Internal Server Error in 50ms (ActiveRecord: 5.4ms)



NoMethodError - undefined method `reset_session_token!' for #<User:0x00007f865825bb48>
Did you mean?  reset_session_token
               restore_session_token!:
  app/controllers/application_controller.rb:23:in `logout!'
  app/controllers/api/sessions_controller.rb:17:in `destroy'

Started GET "/" for ::1 at 2019-10-01 21:07:26 -0400
Processing by StaticPagesController#root as HTML
  Rendering static_pages/root.html.erb within layouts/application
  [1m[36mUser Load (0.5ms)[0m  [1m[34mSELECT  "users".* FROM "users" WHERE "users"."session_token" = $1 LIMIT $2[0m  [["session_token", "y5am7_M8tkqgOlyNVgMT6g"], ["LIMIT", 1]]
  ↳ app/controllers/application_controller.rb:7
  Rendered api/users/_user.json.jbuilder (1.0ms)
  Rendered static_pages/root.html.erb within layouts/application (36.8ms)
Completed 200 OK in 103ms (Views: 86.2ms | ActiveRecord: 13.7ms)


Started POST "/api/session" for ::1 at 2019-10-01 21:07:35 -0400
Processing by Api::SessionsController#create as JSON
  Parameters: {"user"=>{"email"=>"jiaojiao123@gmail.com", "password"=>"[FILTERED]"}}
  [1m[36mUser Load (0.6ms)[0m  [1m[34mSELECT  "users".* FROM "users" WHERE "users"."email" = $1 LIMIT $2[0m  [["email", "jiaojiao123@gmail.com"], ["LIMIT", 1]]
  ↳ app/models/user.rb:22
  [1m[35m (0.3ms)[0m  [1m[35mBEGIN[0m
  ↳ app/models/user.rb:42
  [1m[36mUser Exists (0.7ms)[0m  [1m[34mSELECT  1 AS one FROM "users" WHERE "users"."username" = $1 AND "users"."id" != $2 LIMIT $3[0m  [["username", "jiaojiao123"], ["id", 3], ["LIMIT", 1]]
  ↳ app/models/user.rb:42
  [1m[36mUser Exists (0.6ms)[0m  [1m[34mSELECT  1 AS one FROM "users" WHERE "users"."email" = $1 AND "users"."id" != $2 LIMIT $3[0m  [["email", "jiaojiao123@gmail.com"], ["id", 3], ["LIMIT", 1]]
  ↳ app/models/user.rb:42
  [1m[36mUser Exists (0.5ms)[0m  [1m[34mSELECT  1 AS one FROM "users" WHERE "users"."session_token" = $1 AND "users"."id" != $2 LIMIT $3[0m  [["session_token", "myyjIWh_7m0D7aadyK5YoA"], ["id", 3], ["LIMIT", 1]]
  ↳ app/models/user.rb:42
  [1m[36mUser Update (0.5ms)[0m  [1m[33mUPDATE "users" SET "session_token" = $1, "updated_at" = $2 WHERE "users"."id" = $3[0m  [["session_token", "myyjIWh_7m0D7aadyK5YoA"], ["updated_at", "2019-10-02 01:07:35.901756"], ["id", 3]]
  ↳ app/models/user.rb:42
  [1m[35m (7.9ms)[0m  [1m[35mCOMMIT[0m
  ↳ app/models/user.rb:42
  Rendering api/users/show.json.jbuilder
  Rendered api/users/_user.json.jbuilder (0.4ms)
  Rendered api/users/show.json.jbuilder (2.0ms)
Completed 200 OK in 400ms (Views: 16.1ms | ActiveRecord: 11.1ms)


Started DELETE "/api/session" for ::1 at 2019-10-01 21:07:38 -0400
Processing by Api::SessionsController#destroy as JSON
  [1m[36mUser Load (0.7ms)[0m  [1m[34mSELECT  "users".* FROM "users" WHERE "users"."session_token" = $1 LIMIT $2[0m  [["session_token", "myyjIWh_7m0D7aadyK5YoA"], ["LIMIT", 1]]
  ↳ app/controllers/application_controller.rb:7
  [1m[35m (0.3ms)[0m  [1m[35mBEGIN[0m
  ↳ app/models/user.rb:42
  [1m[36mUser Exists (0.9ms)[0m  [1m[34mSELECT  1 AS one FROM "users" WHERE "users"."username" = $1 AND "users"."id" != $2 LIMIT $3[0m  [["username", "jiaojiao123"], ["id", 3], ["LIMIT", 1]]
  ↳ app/models/user.rb:42
  [1m[36mUser Exists (0.8ms)[0m  [1m[34mSELECT  1 AS one FROM "users" WHERE "users"."email" = $1 AND "users"."id" != $2 LIMIT $3[0m  [["email", "jiaojiao123@gmail.com"], ["id", 3], ["LIMIT", 1]]
  ↳ app/models/user.rb:42
  [1m[36mUser Exists (0.7ms)[0m  [1m[34mSELECT  1 AS one FROM "users" WHERE "users"."session_token" = $1 AND "users"."id" != $2 LIMIT $3[0m  [["session_token", "DTwtjlZLFeT04oOT5G3m4w"], ["id", 3], ["LIMIT", 1]]
  ↳ app/models/user.rb:42
  [1m[36mUser Update (5.7ms)[0m  [1m[33mUPDATE "users" SET "session_token" = $1, "updated_at" = $2 WHERE "users"."id" = $3[0m  [["session_token", "DTwtjlZLFeT04oOT5G3m4w"], ["updated_at", "2019-10-02 01:07:38.436868"], ["id", 3]]
  ↳ app/models/user.rb:42
  [1m[35m (7.7ms)[0m  [1m[35mCOMMIT[0m
  ↳ app/models/user.rb:42
Completed 500 Internal Server Error in 354ms (ActiveRecord: 16.7ms)



NameError - undefined local variable or method `session_token' for #<Api::SessionsController:0x00007f86585de338>
Did you mean?  session:
  app/controllers/application_controller.rb:25:in `logout!'
  app/controllers/api/sessions_controller.rb:17:in `destroy'

Started GET "/" for ::1 at 2019-10-01 21:08:16 -0400
Processing by StaticPagesController#root as HTML
  Rendering static_pages/root.html.erb within layouts/application
  [1m[36mUser Load (0.6ms)[0m  [1m[34mSELECT  "users".* FROM "users" WHERE "users"."session_token" = $1 LIMIT $2[0m  [["session_token", "myyjIWh_7m0D7aadyK5YoA"], ["LIMIT", 1]]
  ↳ app/controllers/application_controller.rb:7
  Rendered static_pages/root.html.erb within layouts/application (14.2ms)
Completed 200 OK in 75ms (Views: 65.4ms | ActiveRecord: 5.9ms)


Started POST "/api/session" for ::1 at 2019-10-01 21:08:29 -0400
Processing by Api::SessionsController#create as JSON
  Parameters: {"user"=>{"email"=>"jiaojiao123@gmail.com", "password"=>"[FILTERED]"}}
  [1m[36mUser Load (1.4ms)[0m  [1m[34mSELECT  "users".* FROM "users" WHERE "users"."email" = $1 LIMIT $2[0m  [["email", "jiaojiao123@gmail.com"], ["LIMIT", 1]]
  ↳ app/models/user.rb:22
  [1m[35m (0.2ms)[0m  [1m[35mBEGIN[0m
  ↳ app/models/user.rb:42
  [1m[36mUser Exists (0.8ms)[0m  [1m[34mSELECT  1 AS one FROM "users" WHERE "users"."username" = $1 AND "users"."id" != $2 LIMIT $3[0m  [["username", "jiaojiao123"], ["id", 3], ["LIMIT", 1]]
  ↳ app/models/user.rb:42
  [1m[36mUser Exists (0.6ms)[0m  [1m[34mSELECT  1 AS one FROM "users" WHERE "users"."email" = $1 AND "users"."id" != $2 LIMIT $3[0m  [["email", "jiaojiao123@gmail.com"], ["id", 3], ["LIMIT", 1]]
  ↳ app/models/user.rb:42
  [1m[36mUser Exists (0.4ms)[0m  [1m[34mSELECT  1 AS one FROM "users" WHERE "users"."session_token" = $1 AND "users"."id" != $2 LIMIT $3[0m  [["session_token", "_c4KGcwlIqwDk2GZmoaaZw"], ["id", 3], ["LIMIT", 1]]
  ↳ app/models/user.rb:42
  [1m[36mUser Update (0.5ms)[0m  [1m[33mUPDATE "users" SET "session_token" = $1, "updated_at" = $2 WHERE "users"."id" = $3[0m  [["session_token", "_c4KGcwlIqwDk2GZmoaaZw"], ["updated_at", "2019-10-02 01:08:30.415011"], ["id", 3]]
  ↳ app/models/user.rb:42
  [1m[35m (7.8ms)[0m  [1m[35mCOMMIT[0m
  ↳ app/models/user.rb:42
  Rendering api/users/show.json.jbuilder
  Rendered api/users/_user.json.jbuilder (0.5ms)
  Rendered api/users/show.json.jbuilder (2.4ms)
Completed 200 OK in 447ms (Views: 17.9ms | ActiveRecord: 25.6ms)


Started DELETE "/api/session" for ::1 at 2019-10-01 21:08:33 -0400
Processing by Api::SessionsController#destroy as JSON
  [1m[36mUser Load (0.5ms)[0m  [1m[34mSELECT  "users".* FROM "users" WHERE "users"."session_token" = $1 LIMIT $2[0m  [["session_token", "_c4KGcwlIqwDk2GZmoaaZw"], ["LIMIT", 1]]
  ↳ app/controllers/application_controller.rb:7
  [1m[35m (0.2ms)[0m  [1m[35mBEGIN[0m
  ↳ app/models/user.rb:42
  [1m[36mUser Exists (0.5ms)[0m  [1m[34mSELECT  1 AS one FROM "users" WHERE "users"."username" = $1 AND "users"."id" != $2 LIMIT $3[0m  [["username", "jiaojiao123"], ["id", 3], ["LIMIT", 1]]
  ↳ app/models/user.rb:42
  [1m[36mUser Exists (0.5ms)[0m  [1m[34mSELECT  1 AS one FROM "users" WHERE "users"."email" = $1 AND "users"."id" != $2 LIMIT $3[0m  [["email", "jiaojiao123@gmail.com"], ["id", 3], ["LIMIT", 1]]
  ↳ app/models/user.rb:42
  [1m[36mUser Exists (0.5ms)[0m  [1m[34mSELECT  1 AS one FROM "users" WHERE "users"."session_token" = $1 AND "users"."id" != $2 LIMIT $3[0m  [["session_token", "XRdjnJ1lrFbpZj5kSTZYOQ"], ["id", 3], ["LIMIT", 1]]
  ↳ app/models/user.rb:42
  [1m[36mUser Update (4.8ms)[0m  [1m[33mUPDATE "users" SET "session_token" = $1, "updated_at" = $2 WHERE "users"."id" = $3[0m  [["session_token", "XRdjnJ1lrFbpZj5kSTZYOQ"], ["updated_at", "2019-10-02 01:08:33.061908"], ["id", 3]]
  ↳ app/models/user.rb:42
  [1m[35m (15.6ms)[0m  [1m[35mCOMMIT[0m
  ↳ app/models/user.rb:42
  Rendering api/users/show.json.jbuilder
  Rendered api/users/_user.json.jbuilder (0.8ms)
  Rendered api/users/show.json.jbuilder (3.2ms)
Completed 200 OK in 63ms (Views: 16.5ms | ActiveRecord: 22.6ms)


Started GET "/" for ::1 at 2019-10-01 21:10:15 -0400
Processing by StaticPagesController#root as HTML
  Rendering static_pages/root.html.erb within layouts/application
  [1m[36mUser Load (1.0ms)[0m  [1m[34mSELECT  "users".* FROM "users" WHERE "users"."session_token" IS NULL LIMIT $1[0m  [["LIMIT", 1]]
  ↳ app/controllers/application_controller.rb:7
  Rendered static_pages/root.html.erb within layouts/application (21.1ms)
Completed 200 OK in 107ms (Views: 98.8ms | ActiveRecord: 3.9ms)


Started POST "/api/users" for ::1 at 2019-10-01 21:10:33 -0400
Processing by Api::UsersController#create as JSON
  Parameters: {"user"=>{"username"=>"jiaojiaojiao", "email"=>"jiaojiao123@gmail.com", "password"=>"[FILTERED]"}}
  [1m[35m (0.2ms)[0m  [1m[35mBEGIN[0m
  ↳ app/controllers/api/users_controller.rb:4
  [1m[36mUser Exists (1.0ms)[0m  [1m[34mSELECT  1 AS one FROM "users" WHERE "users"."username" = $1 LIMIT $2[0m  [["username", "jiaojiaojiao"], ["LIMIT", 1]]
  ↳ app/controllers/api/users_controller.rb:4
  [1m[36mUser Exists (8.9ms)[0m  [1m[34mSELECT  1 AS one FROM "users" WHERE "users"."email" = $1 LIMIT $2[0m  [["email", "jiaojiao123@gmail.com"], ["LIMIT", 1]]
  ↳ app/controllers/api/users_controller.rb:4
  [1m[36mUser Exists (1.0ms)[0m  [1m[34mSELECT  1 AS one FROM "users" WHERE "users"."session_token" = $1 LIMIT $2[0m  [["session_token", "JUAcb1j5UYMs6jWYnYHgQg"], ["LIMIT", 1]]
  ↳ app/controllers/api/users_controller.rb:4
  [1m[35m (0.8ms)[0m  [1m[31mROLLBACK[0m
  ↳ app/controllers/api/users_controller.rb:4
Completed 500 Internal Server Error in 408ms (ActiveRecord: 19.4ms)



ArgumentError - wrong number of arguments (given 0, expected 2):
  app/controllers/api/users_controller.rb:8:in `create'

Started POST "/api/users" for ::1 at 2019-10-01 21:11:11 -0400
Processing by Api::UsersController#create as JSON
  Parameters: {"user"=>{"username"=>"jiaojiaojiao", "email"=>"jiaojiao123@gmail.com", "password"=>"[FILTERED]"}}
  [1m[35m (0.3ms)[0m  [1m[35mBEGIN[0m
  ↳ app/controllers/api/users_controller.rb:4
  [1m[36mUser Exists (0.6ms)[0m  [1m[34mSELECT  1 AS one FROM "users" WHERE "users"."username" = $1 LIMIT $2[0m  [["username", "jiaojiaojiao"], ["LIMIT", 1]]
  ↳ app/controllers/api/users_controller.rb:4
  [1m[36mUser Exists (0.5ms)[0m  [1m[34mSELECT  1 AS one FROM "users" WHERE "users"."email" = $1 LIMIT $2[0m  [["email", "jiaojiao123@gmail.com"], ["LIMIT", 1]]
  ↳ app/controllers/api/users_controller.rb:4
  [1m[36mUser Exists (0.5ms)[0m  [1m[34mSELECT  1 AS one FROM "users" WHERE "users"."session_token" = $1 LIMIT $2[0m  [["session_token", "_wjAVgnSvMIwrSu_iPR0qA"], ["LIMIT", 1]]
  ↳ app/controllers/api/users_controller.rb:4
  [1m[35m (0.2ms)[0m  [1m[31mROLLBACK[0m
  ↳ app/controllers/api/users_controller.rb:4
Completed 500 Internal Server Error in 356ms (ActiveRecord: 2.0ms)



ArgumentError - wrong number of arguments (given 0, expected 2):
  app/controllers/api/users_controller.rb:8:in `create'

Started POST "/api/users" for ::1 at 2019-10-01 21:11:46 -0400
Processing by Api::UsersController#create as JSON
  Parameters: {"user"=>{"username"=>"jiaojiaojiao", "email"=>"jiaojiao1234@gmail.com", "password"=>"[FILTERED]"}}
  [1m[35m (0.6ms)[0m  [1m[35mBEGIN[0m
  ↳ app/controllers/api/users_controller.rb:4
  [1m[36mUser Exists (1.0ms)[0m  [1m[34mSELECT  1 AS one FROM "users" WHERE "users"."username" = $1 LIMIT $2[0m  [["username", "jiaojiaojiao"], ["LIMIT", 1]]
  ↳ app/controllers/api/users_controller.rb:4
  [1m[36mUser Exists (0.7ms)[0m  [1m[34mSELECT  1 AS one FROM "users" WHERE "users"."email" = $1 LIMIT $2[0m  [["email", "jiaojiao1234@gmail.com"], ["LIMIT", 1]]
  ↳ app/controllers/api/users_controller.rb:4
  [1m[36mUser Exists (0.5ms)[0m  [1m[34mSELECT  1 AS one FROM "users" WHERE "users"."session_token" = $1 LIMIT $2[0m  [["session_token", "H60edkXMXkN4NUfVXU7Xyw"], ["LIMIT", 1]]
  ↳ app/controllers/api/users_controller.rb:4
  [1m[36mUser Create (0.8ms)[0m  [1m[32mINSERT INTO "users" ("username", "email", "password_digest", "session_token", "created_at", "updated_at") VALUES ($1, $2, $3, $4, $5, $6) RETURNING "id"[0m  [["username", "jiaojiaojiao"], ["email", "jiaojiao1234@gmail.com"], ["password_digest", "$2a$12$uSTLgnG9Dxf1p7.n4152ZuHfp6SHvN9Vf1WjEXP6ZRn4.Qj/yiWAa"], ["session_token", "H60edkXMXkN4NUfVXU7Xyw"], ["created_at", "2019-10-02 01:11:46.580134"], ["updated_at", "2019-10-02 01:11:46.580134"]]
  ↳ app/controllers/api/users_controller.rb:4
  [1m[35m (9.0ms)[0m  [1m[35mCOMMIT[0m
  ↳ app/controllers/api/users_controller.rb:4
  [1m[35m (0.4ms)[0m  [1m[35mBEGIN[0m
  ↳ app/models/user.rb:42
  [1m[36mUser Exists (1.2ms)[0m  [1m[34mSELECT  1 AS one FROM "users" WHERE "users"."username" = $1 AND "users"."id" != $2 LIMIT $3[0m  [["username", "jiaojiaojiao"], ["id", 4], ["LIMIT", 1]]
  ↳ app/models/user.rb:42
  [1m[36mUser Exists (0.8ms)[0m  [1m[34mSELECT  1 AS one FROM "users" WHERE "users"."email" = $1 AND "users"."id" != $2 LIMIT $3[0m  [["email", "jiaojiao1234@gmail.com"], ["id", 4], ["LIMIT", 1]]
  ↳ app/models/user.rb:42
  [1m[36mUser Exists (0.5ms)[0m  [1m[34mSELECT  1 AS one FROM "users" WHERE "users"."session_token" = $1 AND "users"."id" != $2 LIMIT $3[0m  [["session_token", "pQuoTcS5dY72zPX1d96YgA"], ["id", 4], ["LIMIT", 1]]
  ↳ app/models/user.rb:42
  [1m[36mUser Update (0.6ms)[0m  [1m[33mUPDATE "users" SET "session_token" = $1, "updated_at" = $2 WHERE "users"."id" = $3[0m  [["session_token", "pQuoTcS5dY72zPX1d96YgA"], ["updated_at", "2019-10-02 01:11:46.604277"], ["id", 4]]
  ↳ app/models/user.rb:42
  [1m[35m (0.8ms)[0m  [1m[35mCOMMIT[0m
  ↳ app/models/user.rb:42
  Rendering api/users/show.json.jbuilder
  Rendered api/users/_user.json.jbuilder (0.8ms)
  Rendered api/users/show.json.jbuilder (3.5ms)
Completed 200 OK in 384ms (Views: 12.3ms | ActiveRecord: 16.8ms)


Started POST "/api/session" for ::1 at 2019-10-01 21:12:26 -0400
Processing by Api::SessionsController#create as JSON
  Parameters: {"user"=>{"username"=>"jiaojiaojiao", "email"=>"jiaojiao1234@gmail.com", "password"=>"[FILTERED]"}}
  [1m[36mUser Load (2.0ms)[0m  [1m[34mSELECT  "users".* FROM "users" WHERE "users"."email" = $1 LIMIT $2[0m  [["email", "jiaojiao1234@gmail.com"], ["LIMIT", 1]]
  ↳ app/models/user.rb:22
  [1m[35m (0.2ms)[0m  [1m[35mBEGIN[0m
  ↳ app/models/user.rb:42
  [1m[36mUser Exists (0.6ms)[0m  [1m[34mSELECT  1 AS one FROM "users" WHERE "users"."username" = $1 AND "users"."id" != $2 LIMIT $3[0m  [["username", "jiaojiaojiao"], ["id", 4], ["LIMIT", 1]]
  ↳ app/models/user.rb:42
  [1m[36mUser Exists (0.5ms)[0m  [1m[34mSELECT  1 AS one FROM "users" WHERE "users"."email" = $1 AND "users"."id" != $2 LIMIT $3[0m  [["email", "jiaojiao1234@gmail.com"], ["id", 4], ["LIMIT", 1]]
  ↳ app/models/user.rb:42
  [1m[36mUser Exists (0.4ms)[0m  [1m[34mSELECT  1 AS one FROM "users" WHERE "users"."session_token" = $1 AND "users"."id" != $2 LIMIT $3[0m  [["session_token", "NzNVWz70dsOSqDvnCTIe8A"], ["id", 4], ["LIMIT", 1]]
  ↳ app/models/user.rb:42
  [1m[36mUser Update (1.0ms)[0m  [1m[33mUPDATE "users" SET "session_token" = $1, "updated_at" = $2 WHERE "users"."id" = $3[0m  [["session_token", "NzNVWz70dsOSqDvnCTIe8A"], ["updated_at", "2019-10-02 01:12:27.174520"], ["id", 4]]
  ↳ app/models/user.rb:42
  [1m[35m (8.8ms)[0m  [1m[35mCOMMIT[0m
  ↳ app/models/user.rb:42
  Rendering api/users/show.json.jbuilder
  Rendered api/users/_user.json.jbuilder (0.9ms)
  Rendered api/users/show.json.jbuilder (2.9ms)
Completed 200 OK in 371ms (Views: 15.5ms | ActiveRecord: 13.7ms)


Started DELETE "/api/session" for ::1 at 2019-10-01 21:12:38 -0400
Processing by Api::SessionsController#destroy as JSON
  [1m[36mUser Load (0.5ms)[0m  [1m[34mSELECT  "users".* FROM "users" WHERE "users"."session_token" = $1 LIMIT $2[0m  [["session_token", "NzNVWz70dsOSqDvnCTIe8A"], ["LIMIT", 1]]
  ↳ app/controllers/application_controller.rb:7
  [1m[35m (0.2ms)[0m  [1m[35mBEGIN[0m
  ↳ app/models/user.rb:42
  [1m[36mUser Exists (1.6ms)[0m  [1m[34mSELECT  1 AS one FROM "users" WHERE "users"."username" = $1 AND "users"."id" != $2 LIMIT $3[0m  [["username", "jiaojiaojiao"], ["id", 4], ["LIMIT", 1]]
  ↳ app/models/user.rb:42
  [1m[36mUser Exists (1.9ms)[0m  [1m[34mSELECT  1 AS one FROM "users" WHERE "users"."email" = $1 AND "users"."id" != $2 LIMIT $3[0m  [["email", "jiaojiao1234@gmail.com"], ["id", 4], ["LIMIT", 1]]
  ↳ app/models/user.rb:42
  [1m[36mUser Exists (1.9ms)[0m  [1m[34mSELECT  1 AS one FROM "users" WHERE "users"."session_token" = $1 AND "users"."id" != $2 LIMIT $3[0m  [["session_token", "BYX7o7gJNCrgEcq8V-cMpw"], ["id", 4], ["LIMIT", 1]]
  ↳ app/models/user.rb:42
  [1m[36mUser Update (2.0ms)[0m  [1m[33mUPDATE "users" SET "session_token" = $1, "updated_at" = $2 WHERE "users"."id" = $3[0m  [["session_token", "BYX7o7gJNCrgEcq8V-cMpw"], ["updated_at", "2019-10-02 01:12:38.668454"], ["id", 4]]
  ↳ app/models/user.rb:42
  [1m[35m (10.0ms)[0m  [1m[35mCOMMIT[0m
  ↳ app/models/user.rb:42
  Rendering api/users/show.json.jbuilder
  Rendered api/users/_user.json.jbuilder (1.0ms)
  Rendered api/users/show.json.jbuilder (3.6ms)
Completed 200 OK in 49ms (Views: 16.2ms | ActiveRecord: 18.1ms)


Started POST "/api/users" for ::1 at 2019-10-01 21:12:47 -0400
Processing by Api::UsersController#create as JSON
  Parameters: {"user"=>{"username"=>"jiaojiaojiao", "email"=>"jiaojiao1234@gmail.com", "password"=>"[FILTERED]"}}
  [1m[35m (0.3ms)[0m  [1m[35mBEGIN[0m
  ↳ app/controllers/api/users_controller.rb:4
  [1m[36mUser Exists (0.5ms)[0m  [1m[34mSELECT  1 AS one FROM "users" WHERE "users"."username" = $1 LIMIT $2[0m  [["username", "jiaojiaojiao"], ["LIMIT", 1]]
  ↳ app/controllers/api/users_controller.rb:4
  [1m[36mUser Exists (0.5ms)[0m  [1m[34mSELECT  1 AS one FROM "users" WHERE "users"."email" = $1 LIMIT $2[0m  [["email", "jiaojiao1234@gmail.com"], ["LIMIT", 1]]
  ↳ app/controllers/api/users_controller.rb:4
  [1m[36mUser Exists (0.4ms)[0m  [1m[34mSELECT  1 AS one FROM "users" WHERE "users"."session_token" = $1 LIMIT $2[0m  [["session_token", "mlFctxeGUz2MZJyirxnNkg"], ["LIMIT", 1]]
  ↳ app/controllers/api/users_controller.rb:4
  [1m[35m (0.3ms)[0m  [1m[31mROLLBACK[0m
  ↳ app/controllers/api/users_controller.rb:4
Completed 500 Internal Server Error in 362ms (ActiveRecord: 2.1ms)



ArgumentError - wrong number of arguments (given 0, expected 2):
  app/controllers/api/users_controller.rb:8:in `create'

Started POST "/api/users" for ::1 at 2019-10-01 21:14:33 -0400
Processing by Api::UsersController#create as JSON
  Parameters: {"user"=>{"username"=>"jiaojiaojiao", "email"=>"jiaojiao1234@gmail.com", "password"=>"[FILTERED]"}}
  [1m[35m (0.2ms)[0m  [1m[35mBEGIN[0m
  ↳ app/controllers/api/users_controller.rb:4
  [1m[36mUser Exists (0.8ms)[0m  [1m[34mSELECT  1 AS one FROM "users" WHERE "users"."username" = $1 LIMIT $2[0m  [["username", "jiaojiaojiao"], ["LIMIT", 1]]
  ↳ app/controllers/api/users_controller.rb:4
  [1m[36mUser Exists (0.5ms)[0m  [1m[34mSELECT  1 AS one FROM "users" WHERE "users"."email" = $1 LIMIT $2[0m  [["email", "jiaojiao1234@gmail.com"], ["LIMIT", 1]]
  ↳ app/controllers/api/users_controller.rb:4
  [1m[36mUser Exists (0.5ms)[0m  [1m[34mSELECT  1 AS one FROM "users" WHERE "users"."session_token" = $1 LIMIT $2[0m  [["session_token", "FVjtPaCmruloYxHJjJdmdA"], ["LIMIT", 1]]
  ↳ app/controllers/api/users_controller.rb:4
  [1m[35m (0.3ms)[0m  [1m[31mROLLBACK[0m
  ↳ app/controllers/api/users_controller.rb:4
Completed 500 Internal Server Error in 372ms (ActiveRecord: 2.4ms)



ArgumentError - wrong number of arguments (given 0, expected 2):
  app/controllers/api/users_controller.rb:8:in `create'

Started GET "/" for ::1 at 2019-10-01 21:15:28 -0400
Processing by StaticPagesController#root as HTML
  Rendering static_pages/root.html.erb within layouts/application
  [1m[36mUser Load (0.6ms)[0m  [1m[34mSELECT  "users".* FROM "users" WHERE "users"."session_token" IS NULL LIMIT $1[0m  [["LIMIT", 1]]
  ↳ app/controllers/application_controller.rb:7
  Rendered static_pages/root.html.erb within layouts/application (15.0ms)
Completed 200 OK in 122ms (Views: 113.3ms | ActiveRecord: 5.3ms)


Started POST "/api/users" for ::1 at 2019-10-01 21:15:48 -0400
Processing by Api::UsersController#create as JSON
  Parameters: {"user"=>{"username"=>"jiaojiaojiao", "email"=>"jiaojiao1234@gmail.com", "password"=>"[FILTERED]"}}
  [1m[35m (2.3ms)[0m  [1m[35mBEGIN[0m
  ↳ app/controllers/api/users_controller.rb:6
  [1m[36mUser Exists (3.4ms)[0m  [1m[34mSELECT  1 AS one FROM "users" WHERE "users"."username" = $1 LIMIT $2[0m  [["username", "jiaojiaojiao"], ["LIMIT", 1]]
  ↳ app/controllers/api/users_controller.rb:6
  [1m[36mUser Exists (1.2ms)[0m  [1m[34mSELECT  1 AS one FROM "users" WHERE "users"."email" = $1 LIMIT $2[0m  [["email", "jiaojiao1234@gmail.com"], ["LIMIT", 1]]
  ↳ app/controllers/api/users_controller.rb:6
  [1m[36mUser Exists (1.2ms)[0m  [1m[34mSELECT  1 AS one FROM "users" WHERE "users"."session_token" = $1 LIMIT $2[0m  [["session_token", "ggPTOwyxajy_5U0orkm1lA"], ["LIMIT", 1]]
  ↳ app/controllers/api/users_controller.rb:6
  [1m[35m (1.0ms)[0m  [1m[31mROLLBACK[0m
  ↳ app/controllers/api/users_controller.rb:6
Completed 500 Internal Server Error in 85982ms (ActiveRecord: 14.9ms)



ArgumentError - wrong number of arguments (given 0, expected 2):
  app/controllers/api/users_controller.rb:11:in `create'

Started GET "/" for ::1 at 2019-10-01 21:17:26 -0400
Processing by StaticPagesController#root as HTML
  Rendering static_pages/root.html.erb within layouts/application
  [1m[36mUser Load (0.8ms)[0m  [1m[34mSELECT  "users".* FROM "users" WHERE "users"."session_token" IS NULL LIMIT $1[0m  [["LIMIT", 1]]
  ↳ app/controllers/application_controller.rb:7
  Rendered static_pages/root.html.erb within layouts/application (41.0ms)
Completed 200 OK in 112ms (Views: 100.7ms | ActiveRecord: 7.3ms)


Started POST "/api/users" for ::1 at 2019-10-01 21:17:37 -0400
Processing by Api::UsersController#create as JSON
  Parameters: {"user"=>{"username"=>"jiaojiaojiao", "email"=>"jiaojiao1234@gmail.com", "password"=>"[FILTERED]"}}
  [1m[35m (0.2ms)[0m  [1m[35mBEGIN[0m
  ↳ app/controllers/api/users_controller.rb:6
  [1m[36mUser Exists (0.8ms)[0m  [1m[34mSELECT  1 AS one FROM "users" WHERE "users"."username" = $1 LIMIT $2[0m  [["username", "jiaojiaojiao"], ["LIMIT", 1]]
  ↳ app/controllers/api/users_controller.rb:6
  [1m[36mUser Exists (0.5ms)[0m  [1m[34mSELECT  1 AS one FROM "users" WHERE "users"."email" = $1 LIMIT $2[0m  [["email", "jiaojiao1234@gmail.com"], ["LIMIT", 1]]
  ↳ app/controllers/api/users_controller.rb:6
  [1m[36mUser Exists (0.6ms)[0m  [1m[34mSELECT  1 AS one FROM "users" WHERE "users"."session_token" = $1 LIMIT $2[0m  [["session_token", "1_yLA0TFQ53QIADvMh1GaA"], ["LIMIT", 1]]
  ↳ app/controllers/api/users_controller.rb:6
  [1m[35m (0.3ms)[0m  [1m[31mROLLBACK[0m
  ↳ app/controllers/api/users_controller.rb:6
Completed 422 Unprocessable Entity in 383ms (Views: 0.5ms | ActiveRecord: 13.2ms)


Started POST "/api/session" for ::1 at 2019-10-01 21:18:52 -0400
Processing by Api::SessionsController#create as JSON
  Parameters: {"user"=>{"email"=>"jiaojiao1234@gmail.com", "password"=>"[FILTERED]"}}
  [1m[36mUser Load (0.8ms)[0m  [1m[34mSELECT  "users".* FROM "users" WHERE "users"."email" = $1 LIMIT $2[0m  [["email", "jiaojiao1234@gmail.com"], ["LIMIT", 1]]
  ↳ app/models/user.rb:22
  [1m[35m (0.3ms)[0m  [1m[35mBEGIN[0m
  ↳ app/models/user.rb:42
  [1m[36mUser Exists (0.9ms)[0m  [1m[34mSELECT  1 AS one FROM "users" WHERE "users"."username" = $1 AND "users"."id" != $2 LIMIT $3[0m  [["username", "jiaojiaojiao"], ["id", 4], ["LIMIT", 1]]
  ↳ app/models/user.rb:42
  [1m[36mUser Exists (0.8ms)[0m  [1m[34mSELECT  1 AS one FROM "users" WHERE "users"."email" = $1 AND "users"."id" != $2 LIMIT $3[0m  [["email", "jiaojiao1234@gmail.com"], ["id", 4], ["LIMIT", 1]]
  ↳ app/models/user.rb:42
  [1m[36mUser Exists (0.7ms)[0m  [1m[34mSELECT  1 AS one FROM "users" WHERE "users"."session_token" = $1 AND "users"."id" != $2 LIMIT $3[0m  [["session_token", "5URfqlQRV0SUZBVI1jAbvg"], ["id", 4], ["LIMIT", 1]]
  ↳ app/models/user.rb:42
  [1m[36mUser Update (0.9ms)[0m  [1m[33mUPDATE "users" SET "session_token" = $1, "updated_at" = $2 WHERE "users"."id" = $3[0m  [["session_token", "5URfqlQRV0SUZBVI1jAbvg"], ["updated_at", "2019-10-02 01:18:52.434130"], ["id", 4]]
  ↳ app/models/user.rb:42
  [1m[35m (8.8ms)[0m  [1m[35mCOMMIT[0m
  ↳ app/models/user.rb:42
  Rendering api/users/show.json.jbuilder
  Rendered api/users/_user.json.jbuilder (0.7ms)
  Rendered api/users/show.json.jbuilder (5.1ms)
Completed 200 OK in 384ms (Views: 16.0ms | ActiveRecord: 13.1ms)


Started DELETE "/api/session" for ::1 at 2019-10-01 21:18:58 -0400
Processing by Api::SessionsController#destroy as JSON
  [1m[36mUser Load (3.2ms)[0m  [1m[34mSELECT  "users".* FROM "users" WHERE "users"."session_token" = $1 LIMIT $2[0m  [["session_token", "5URfqlQRV0SUZBVI1jAbvg"], ["LIMIT", 1]]
  ↳ app/controllers/application_controller.rb:7
  [1m[35m (0.3ms)[0m  [1m[35mBEGIN[0m
  ↳ app/models/user.rb:42
  [1m[36mUser Exists (1.0ms)[0m  [1m[34mSELECT  1 AS one FROM "users" WHERE "users"."username" = $1 AND "users"."id" != $2 LIMIT $3[0m  [["username", "jiaojiaojiao"], ["id", 4], ["LIMIT", 1]]
  ↳ app/models/user.rb:42
  [1m[36mUser Exists (2.0ms)[0m  [1m[34mSELECT  1 AS one FROM "users" WHERE "users"."email" = $1 AND "users"."id" != $2 LIMIT $3[0m  [["email", "jiaojiao1234@gmail.com"], ["id", 4], ["LIMIT", 1]]
  ↳ app/models/user.rb:42
  [1m[36mUser Exists (1.9ms)[0m  [1m[34mSELECT  1 AS one FROM "users" WHERE "users"."session_token" = $1 AND "users"."id" != $2 LIMIT $3[0m  [["session_token", "AZmmg1CfSxLo1e7XAfL7KQ"], ["id", 4], ["LIMIT", 1]]
  ↳ app/models/user.rb:42
  [1m[36mUser Update (0.9ms)[0m  [1m[33mUPDATE "users" SET "session_token" = $1, "updated_at" = $2 WHERE "users"."id" = $3[0m  [["session_token", "AZmmg1CfSxLo1e7XAfL7KQ"], ["updated_at", "2019-10-02 01:18:58.997691"], ["id", 4]]
  ↳ app/models/user.rb:42
  [1m[35m (9.4ms)[0m  [1m[35mCOMMIT[0m
  ↳ app/models/user.rb:42
  Rendering api/users/show.json.jbuilder
  Rendered api/users/_user.json.jbuilder (1.2ms)
  Rendered api/users/show.json.jbuilder (4.0ms)
Completed 200 OK in 46ms (Views: 15.7ms | ActiveRecord: 18.6ms)


Started POST "/api/session" for ::1 at 2019-10-01 21:19:10 -0400
Processing by Api::SessionsController#create as JSON
  Parameters: {"user"=>{"email"=>"jiaojiao12345@gmail.com", "password"=>"[FILTERED]"}}
  [1m[36mUser Load (1.6ms)[0m  [1m[34mSELECT  "users".* FROM "users" WHERE "users"."email" = $1 LIMIT $2[0m  [["email", "jiaojiao12345@gmail.com"], ["LIMIT", 1]]
  ↳ app/models/user.rb:22
Completed 401 Unauthorized in 4ms (Views: 0.3ms | ActiveRecord: 1.6ms)


Started DELETE "/api/session" for ::1 at 2019-10-01 21:19:25 -0400
Processing by Api::SessionsController#destroy as JSON
  [1m[36mUser Load (4.8ms)[0m  [1m[34mSELECT  "users".* FROM "users" WHERE "users"."session_token" IS NULL LIMIT $1[0m  [["LIMIT", 1]]
  ↳ app/controllers/application_controller.rb:7
Completed 404 Not Found in 8ms (Views: 0.3ms | ActiveRecord: 4.8ms)


Started GET "/" for ::1 at 2019-10-01 21:43:12 -0400
Processing by StaticPagesController#root as HTML
  Rendering static_pages/root.html.erb within layouts/application
  [1m[36mUser Load (1.4ms)[0m  [1m[34mSELECT  "users".* FROM "users" WHERE "users"."session_token" IS NULL LIMIT $1[0m  [["LIMIT", 1]]
  ↳ app/controllers/application_controller.rb:7
  Rendered static_pages/root.html.erb within layouts/application (49.6ms)
Completed 200 OK in 142ms (Views: 127.8ms | ActiveRecord: 9.2ms)


Started GET "/" for ::1 at 2019-10-01 23:50:27 -0400
  [1m[35m (13.4ms)[0m  [1m[34mSELECT "schema_migrations"."version" FROM "schema_migrations" ORDER BY "schema_migrations"."version" ASC[0m
  ↳ /Users/Jiao/.rbenv/versions/2.5.1/lib/ruby/gems/2.5.0/gems/activerecord-5.2.3/lib/active_record/log_subscriber.rb:98
Processing by StaticPagesController#root as HTML
  Rendering static_pages/root.html.erb within layouts/application
  [1m[36mUser Load (3.1ms)[0m  [1m[34mSELECT  "users".* FROM "users" WHERE "users"."session_token" IS NULL LIMIT $1[0m  [["LIMIT", 1]]
  ↳ app/controllers/application_controller.rb:7
  Rendered static_pages/root.html.erb within layouts/application (35.2ms)
Completed 200 OK in 2213ms (Views: 2200.8ms | ActiveRecord: 9.9ms)


Started GET "/" for ::1 at 2019-10-01 23:51:32 -0400
Processing by StaticPagesController#root as HTML
  Rendering static_pages/root.html.erb within layouts/application
  [1m[36mUser Load (16.7ms)[0m  [1m[34mSELECT  "users".* FROM "users" WHERE "users"."session_token" IS NULL LIMIT $1[0m  [["LIMIT", 1]]
  ↳ app/controllers/application_controller.rb:7
  Rendered static_pages/root.html.erb within layouts/application (22.3ms)
Completed 200 OK in 135ms (Views: 115.3ms | ActiveRecord: 16.7ms)


Started POST "/api/users" for ::1 at 2019-10-01 23:54:54 -0400
Processing by Api::UsersController#create as JSON
  Parameters: {"user"=>{"username"=>"jiao4", "email"=>"jiao4@gmail.com", "password"=>"[FILTERED]"}}
  [1m[35m (0.3ms)[0m  [1m[35mBEGIN[0m
  ↳ app/controllers/api/users_controller.rb:6
  [1m[36mUser Exists (1.3ms)[0m  [1m[34mSELECT  1 AS one FROM "users" WHERE "users"."username" = $1 LIMIT $2[0m  [["username", "jiao4"], ["LIMIT", 1]]
  ↳ app/controllers/api/users_controller.rb:6
  [1m[36mUser Exists (0.8ms)[0m  [1m[34mSELECT  1 AS one FROM "users" WHERE "users"."email" = $1 LIMIT $2[0m  [["email", "jiao4@gmail.com"], ["LIMIT", 1]]
  ↳ app/controllers/api/users_controller.rb:6
  [1m[36mUser Exists (0.5ms)[0m  [1m[34mSELECT  1 AS one FROM "users" WHERE "users"."session_token" = $1 LIMIT $2[0m  [["session_token", "5u1XBY9ceZ5xGXXA2byRQw"], ["LIMIT", 1]]
  ↳ app/controllers/api/users_controller.rb:6
  [1m[36mUser Create (1.1ms)[0m  [1m[32mINSERT INTO "users" ("username", "email", "password_digest", "session_token", "created_at", "updated_at") VALUES ($1, $2, $3, $4, $5, $6) RETURNING "id"[0m  [["username", "jiao4"], ["email", "jiao4@gmail.com"], ["password_digest", "$2a$12$WHxOjnxRIJW40pON316bTuyz/WRJpy19HkAs1AAD9Nh9qvks6PZKO"], ["session_token", "5u1XBY9ceZ5xGXXA2byRQw"], ["created_at", "2019-10-02 03:54:54.953284"], ["updated_at", "2019-10-02 03:54:54.953284"]]
  ↳ app/controllers/api/users_controller.rb:6
  [1m[35m (8.6ms)[0m  [1m[35mCOMMIT[0m
  ↳ app/controllers/api/users_controller.rb:6
  [1m[35m (0.3ms)[0m  [1m[35mBEGIN[0m
  ↳ app/models/user.rb:42
  [1m[36mUser Exists (0.8ms)[0m  [1m[34mSELECT  1 AS one FROM "users" WHERE "users"."username" = $1 AND "users"."id" != $2 LIMIT $3[0m  [["username", "jiao4"], ["id", 5], ["LIMIT", 1]]
  ↳ app/models/user.rb:42
  [1m[36mUser Exists (0.7ms)[0m  [1m[34mSELECT  1 AS one FROM "users" WHERE "users"."email" = $1 AND "users"."id" != $2 LIMIT $3[0m  [["email", "jiao4@gmail.com"], ["id", 5], ["LIMIT", 1]]
  ↳ app/models/user.rb:42
  [1m[36mUser Exists (0.6ms)[0m  [1m[34mSELECT  1 AS one FROM "users" WHERE "users"."session_token" = $1 AND "users"."id" != $2 LIMIT $3[0m  [["session_token", "dTZNks2u2OT5K4Jj2IfFbg"], ["id", 5], ["LIMIT", 1]]
  ↳ app/models/user.rb:42
  [1m[36mUser Update (1.7ms)[0m  [1m[33mUPDATE "users" SET "session_token" = $1, "updated_at" = $2 WHERE "users"."id" = $3[0m  [["session_token", "dTZNks2u2OT5K4Jj2IfFbg"], ["updated_at", "2019-10-02 03:54:55.169555"], ["id", 5]]
  ↳ app/models/user.rb:42
  [1m[35m (0.5ms)[0m  [1m[35mCOMMIT[0m
  ↳ app/models/user.rb:42
  Rendering api/users/show.json.jbuilder
  Rendered api/users/_user.json.jbuilder (0.7ms)
  Rendered api/users/show.json.jbuilder (3.1ms)
Completed 200 OK in 656ms (Views: 13.1ms | ActiveRecord: 33.3ms)


Started POST "/api/session" for ::1 at 2019-10-01 23:55:29 -0400
Processing by Api::SessionsController#create as JSON
  Parameters: {"user"=>{"username"=>"jiao4", "email"=>"jiao4@gmail.com", "password"=>"[FILTERED]"}}
  [1m[36mUser Load (0.6ms)[0m  [1m[34mSELECT  "users".* FROM "users" WHERE "users"."email" = $1 LIMIT $2[0m  [["email", "jiao4@gmail.com"], ["LIMIT", 1]]
  ↳ app/models/user.rb:22
  [1m[35m (0.2ms)[0m  [1m[35mBEGIN[0m
  ↳ app/models/user.rb:42
  [1m[36mUser Exists (0.6ms)[0m  [1m[34mSELECT  1 AS one FROM "users" WHERE "users"."username" = $1 AND "users"."id" != $2 LIMIT $3[0m  [["username", "jiao4"], ["id", 5], ["LIMIT", 1]]
  ↳ app/models/user.rb:42
  [1m[36mUser Exists (0.5ms)[0m  [1m[34mSELECT  1 AS one FROM "users" WHERE "users"."email" = $1 AND "users"."id" != $2 LIMIT $3[0m  [["email", "jiao4@gmail.com"], ["id", 5], ["LIMIT", 1]]
  ↳ app/models/user.rb:42
  [1m[36mUser Exists (0.7ms)[0m  [1m[34mSELECT  1 AS one FROM "users" WHERE "users"."session_token" = $1 AND "users"."id" != $2 LIMIT $3[0m  [["session_token", "lQH_Ubf8rC68BHQVqldJ6Q"], ["id", 5], ["LIMIT", 1]]
  ↳ app/models/user.rb:42
  [1m[36mUser Update (9.1ms)[0m  [1m[33mUPDATE "users" SET "session_token" = $1, "updated_at" = $2 WHERE "users"."id" = $3[0m  [["session_token", "lQH_Ubf8rC68BHQVqldJ6Q"], ["updated_at", "2019-10-02 03:55:29.986912"], ["id", 5]]
  ↳ app/models/user.rb:42
  [1m[35m (0.5ms)[0m  [1m[35mCOMMIT[0m
  ↳ app/models/user.rb:42
  Rendering api/users/show.json.jbuilder
  Rendered api/users/_user.json.jbuilder (0.5ms)
  Rendered api/users/show.json.jbuilder (2.2ms)
Completed 200 OK in 413ms (Views: 15.8ms | ActiveRecord: 12.3ms)


Started DELETE "/api/session" for ::1 at 2019-10-01 23:56:07 -0400
Processing by Api::SessionsController#destroy as JSON
  [1m[36mUser Load (0.5ms)[0m  [1m[34mSELECT  "users".* FROM "users" WHERE "users"."session_token" = $1 LIMIT $2[0m  [["session_token", "lQH_Ubf8rC68BHQVqldJ6Q"], ["LIMIT", 1]]
  ↳ app/controllers/application_controller.rb:7
  [1m[35m (0.2ms)[0m  [1m[35mBEGIN[0m
  ↳ app/models/user.rb:42
  [1m[36mUser Exists (0.5ms)[0m  [1m[34mSELECT  1 AS one FROM "users" WHERE "users"."username" = $1 AND "users"."id" != $2 LIMIT $3[0m  [["username", "jiao4"], ["id", 5], ["LIMIT", 1]]
  ↳ app/models/user.rb:42
  [1m[36mUser Exists (0.5ms)[0m  [1m[34mSELECT  1 AS one FROM "users" WHERE "users"."email" = $1 AND "users"."id" != $2 LIMIT $3[0m  [["email", "jiao4@gmail.com"], ["id", 5], ["LIMIT", 1]]
  ↳ app/models/user.rb:42
  [1m[36mUser Exists (0.5ms)[0m  [1m[34mSELECT  1 AS one FROM "users" WHERE "users"."session_token" = $1 AND "users"."id" != $2 LIMIT $3[0m  [["session_token", "LCaCIaVDNN9Tt87Fg3gacg"], ["id", 5], ["LIMIT", 1]]
  ↳ app/models/user.rb:42
  [1m[36mUser Update (21.6ms)[0m  [1m[33mUPDATE "users" SET "session_token" = $1, "updated_at" = $2 WHERE "users"."id" = $3[0m  [["session_token", "LCaCIaVDNN9Tt87Fg3gacg"], ["updated_at", "2019-10-02 03:56:07.529310"], ["id", 5]]
  ↳ app/models/user.rb:42
  [1m[35m (8.6ms)[0m  [1m[35mCOMMIT[0m
  ↳ app/models/user.rb:42
  Rendering api/users/show.json.jbuilder
  Rendered api/users/_user.json.jbuilder (0.6ms)
  Rendered api/users/show.json.jbuilder (2.5ms)
Completed 200 OK in 64ms (Views: 15.5ms | ActiveRecord: 32.4ms)


Started POST "/api/users" for ::1 at 2019-10-01 23:57:14 -0400
Processing by Api::UsersController#create as JSON
  Parameters: {"user"=>{"username"=>"jiao4", "email"=>"jiao4@gmail.com", "password"=>"[FILTERED]"}}
  [1m[35m (0.3ms)[0m  [1m[35mBEGIN[0m
  ↳ app/controllers/api/users_controller.rb:6
  [1m[36mUser Exists (0.7ms)[0m  [1m[34mSELECT  1 AS one FROM "users" WHERE "users"."username" = $1 LIMIT $2[0m  [["username", "jiao4"], ["LIMIT", 1]]
  ↳ app/controllers/api/users_controller.rb:6
  [1m[36mUser Exists (0.5ms)[0m  [1m[34mSELECT  1 AS one FROM "users" WHERE "users"."email" = $1 LIMIT $2[0m  [["email", "jiao4@gmail.com"], ["LIMIT", 1]]
  ↳ app/controllers/api/users_controller.rb:6
  [1m[36mUser Exists (0.7ms)[0m  [1m[34mSELECT  1 AS one FROM "users" WHERE "users"."session_token" = $1 LIMIT $2[0m  [["session_token", "QOmp-zojG5wFWIValtqZsw"], ["LIMIT", 1]]
  ↳ app/controllers/api/users_controller.rb:6
  [1m[35m (0.3ms)[0m  [1m[31mROLLBACK[0m
  ↳ app/controllers/api/users_controller.rb:6
Completed 422 Unprocessable Entity in 443ms (Views: 1.1ms | ActiveRecord: 2.5ms)


Started POST "/api/session" for ::1 at 2019-10-01 23:58:54 -0400
Processing by Api::SessionsController#create as JSON
  Parameters: {"user"=>{"email"=>"jiao4@gmail.com", "password"=>"[FILTERED]"}}
  [1m[36mUser Load (4.1ms)[0m  [1m[34mSELECT  "users".* FROM "users" WHERE "users"."email" = $1 LIMIT $2[0m  [["email", "jiao4@gmail.com"], ["LIMIT", 1]]
  ↳ app/models/user.rb:22
Completed 401 Unauthorized in 391ms (Views: 0.2ms | ActiveRecord: 4.1ms)


Started DELETE "/api/session" for ::1 at 2019-10-01 23:59:34 -0400
Processing by Api::SessionsController#destroy as JSON
  [1m[36mUser Load (0.8ms)[0m  [1m[34mSELECT  "users".* FROM "users" WHERE "users"."session_token" IS NULL LIMIT $1[0m  [["LIMIT", 1]]
  ↳ app/controllers/application_controller.rb:7
Completed 404 Not Found in 3ms (Views: 0.3ms | ActiveRecord: 0.8ms)


